[2025-12-29 14:26:31] local.ERROR: Call to undefined method Illuminate\Foundation\Configuration\Middleware::push() {"exception":"[object] (Error(code: 0): Call to undefined method Illuminate\\Foundation\\Configuration\\Middleware::push() at C:\\Users\\moham\\OneDrive\\Desktop\\projects\\GameShop-crm-rasekh\\backend\\bootstrap\\app.php:15)
[stacktrace]
#0 C:\\Users\\moham\\OneDrive\\Desktop\\projects\\GameShop-crm-rasekh\\backend\\vendor\\laravel\\framework\\src\\Illuminate\\Foundation\\Configuration\\ApplicationBuilder.php(281): {closure:C:\\Users\\moham\\OneDrive\\Desktop\\projects\\GameShop-crm-rasekh\\backend\\bootstrap\\app.php:14}(Object(Illuminate\\Foundation\\Configuration\\Middleware))
#1 C:\\Users\\moham\\OneDrive\\Desktop\\projects\\GameShop-crm-rasekh\\backend\\vendor\\laravel\\framework\\src\\Illuminate\\Container\\Container.php(1620): Illuminate\\Foundation\\Configuration\\ApplicationBuilder->{closure:Illuminate\\Foundation\\Configuration\\ApplicationBuilder::withMiddleware():276}(Object(Illuminate\\Foundation\\Http\\Kernel), Object(Illuminate\\Foundation\\Application))
#2 C:\\Users\\moham\\OneDrive\\Desktop\\projects\\GameShop-crm-rasekh\\backend\\vendor\\laravel\\framework\\src\\Illuminate\\Container\\Container.php(1558): Illuminate\\Container\\Container->fireCallbackArray(Object(Illuminate\\Foundation\\Http\\Kernel), Array)
#3 C:\\Users\\moham\\OneDrive\\Desktop\\projects\\GameShop-crm-rasekh\\backend\\vendor\\laravel\\framework\\src\\Illuminate\\Container\\Container.php(1544): Illuminate\\Container\\Container->fireAfterResolvingCallbacks('Illuminate\\\\Cont...', Object(Illuminate\\Foundation\\Http\\Kernel))
#4 C:\\Users\\moham\\OneDrive\\Desktop\\projects\\GameShop-crm-rasekh\\backend\\vendor\\laravel\\framework\\src\\Illuminate\\Container\\Container.php(951): Illuminate\\Container\\Container->fireResolvingCallbacks('Illuminate\\\\Cont...', Object(Illuminate\\Foundation\\Http\\Kernel))
#5 C:\\Users\\moham\\OneDrive\\Desktop\\projects\\GameShop-crm-rasekh\\backend\\vendor\\laravel\\framework\\src\\Illuminate\\Foundation\\Application.php(1078): Illuminate\\Container\\Container->resolve('Illuminate\\\\Cont...', Array, true)
#6 C:\\Users\\moham\\OneDrive\\Desktop\\projects\\GameShop-crm-rasekh\\backend\\vendor\\laravel\\framework\\src\\Illuminate\\Container\\Container.php(864): Illuminate\\Foundation\\Application->resolve('Illuminate\\\\Cont...', Array)
#7 C:\\Users\\moham\\OneDrive\\Desktop\\projects\\GameShop-crm-rasekh\\backend\\vendor\\laravel\\framework\\src\\Illuminate\\Foundation\\Application.php(1058): Illuminate\\Container\\Container->make('Illuminate\\\\Cont...', Array)
#8 C:\\Users\\moham\\OneDrive\\Desktop\\projects\\GameShop-crm-rasekh\\backend\\vendor\\laravel\\sanctum\\src\\SanctumServiceProvider.php(119): Illuminate\\Foundation\\Application->make('Illuminate\\\\Cont...')
#9 C:\\Users\\moham\\OneDrive\\Desktop\\projects\\GameShop-crm-rasekh\\backend\\vendor\\laravel\\sanctum\\src\\SanctumServiceProvider.php(58): Laravel\\Sanctum\\SanctumServiceProvider->configureMiddleware()
#10 C:\\Users\\moham\\OneDrive\\Desktop\\projects\\GameShop-crm-rasekh\\backend\\vendor\\laravel\\framework\\src\\Illuminate\\Container\\BoundMethod.php(36): Laravel\\Sanctum\\SanctumServiceProvider->boot()
#11 C:\\Users\\moham\\OneDrive\\Desktop\\projects\\GameShop-crm-rasekh\\backend\\vendor\\laravel\\framework\\src\\Illuminate\\Container\\Util.php(43): Illuminate\\Container\\BoundMethod::{closure:Illuminate\\Container\\BoundMethod::call():35}()
#12 C:\\Users\\moham\\OneDrive\\Desktop\\projects\\GameShop-crm-rasekh\\backend\\vendor\\laravel\\framework\\src\\Illuminate\\Container\\BoundMethod.php(96): Illuminate\\Container\\Util::unwrapIfClosure(Object(Closure))
#13 C:\\Users\\moham\\OneDrive\\Desktop\\projects\\GameShop-crm-rasekh\\backend\\vendor\\laravel\\framework\\src\\Illuminate\\Container\\BoundMethod.php(35): Illuminate\\Container\\BoundMethod::callBoundMethod(Object(Illuminate\\Foundation\\Application), Array, Object(Closure))
#14 C:\\Users\\moham\\OneDrive\\Desktop\\projects\\GameShop-crm-rasekh\\backend\\vendor\\laravel\\framework\\src\\Illuminate\\Container\\Container.php(799): Illuminate\\Container\\BoundMethod::call(Object(Illuminate\\Foundation\\Application), Array, Array, NULL)
#15 C:\\Users\\moham\\OneDrive\\Desktop\\projects\\GameShop-crm-rasekh\\backend\\vendor\\laravel\\framework\\src\\Illuminate\\Foundation\\Application.php(1151): Illuminate\\Container\\Container->call(Array)
#16 C:\\Users\\moham\\OneDrive\\Desktop\\projects\\GameShop-crm-rasekh\\backend\\vendor\\laravel\\framework\\src\\Illuminate\\Foundation\\Application.php(1132): Illuminate\\Foundation\\Application->bootProvider(Object(Laravel\\Sanctum\\SanctumServiceProvider))
#17 [internal function]: Illuminate\\Foundation\\Application->{closure:Illuminate\\Foundation\\Application::boot():1131}(Object(Laravel\\Sanctum\\SanctumServiceProvider), 'Laravel\\\\Sanctum...')
#18 C:\\Users\\moham\\OneDrive\\Desktop\\projects\\GameShop-crm-rasekh\\backend\\vendor\\laravel\\framework\\src\\Illuminate\\Foundation\\Application.php(1131): array_walk(Array, Object(Closure))
#19 C:\\Users\\moham\\OneDrive\\Desktop\\projects\\GameShop-crm-rasekh\\backend\\vendor\\laravel\\framework\\src\\Illuminate\\Foundation\\Bootstrap\\BootProviders.php(17): Illuminate\\Foundation\\Application->boot()
#20 C:\\Users\\moham\\OneDrive\\Desktop\\projects\\GameShop-crm-rasekh\\backend\\vendor\\laravel\\framework\\src\\Illuminate\\Foundation\\Application.php(342): Illuminate\\Foundation\\Bootstrap\\BootProviders->bootstrap(Object(Illuminate\\Foundation\\Application))
#21 C:\\Users\\moham\\OneDrive\\Desktop\\projects\\GameShop-crm-rasekh\\backend\\vendor\\laravel\\framework\\src\\Illuminate\\Foundation\\Console\\Kernel.php(494): Illuminate\\Foundation\\Application->bootstrapWith(Array)
#22 C:\\Users\\moham\\OneDrive\\Desktop\\projects\\GameShop-crm-rasekh\\backend\\vendor\\laravel\\framework\\src\\Illuminate\\Foundation\\Console\\Kernel.php(196): Illuminate\\Foundation\\Console\\Kernel->bootstrap()
#23 C:\\Users\\moham\\OneDrive\\Desktop\\projects\\GameShop-crm-rasekh\\backend\\vendor\\laravel\\framework\\src\\Illuminate\\Foundation\\Application.php(1235): Illuminate\\Foundation\\Console\\Kernel->handle(Object(Symfony\\Component\\Console\\Input\\ArgvInput), Object(Symfony\\Component\\Console\\Output\\ConsoleOutput))
#24 C:\\Users\\moham\\OneDrive\\Desktop\\projects\\GameShop-crm-rasekh\\backend\\artisan(16): Illuminate\\Foundation\\Application->handleCommand(Object(Symfony\\Component\\Console\\Input\\ArgvInput))
#25 {main}
"} 
[2025-12-29 14:26:31] local.ERROR: Call to undefined method Illuminate\Foundation\Configuration\Middleware::push() {"exception":"[object] (Error(code: 0): Call to undefined method Illuminate\\Foundation\\Configuration\\Middleware::push() at C:\\Users\\moham\\OneDrive\\Desktop\\projects\\GameShop-crm-rasekh\\backend\\bootstrap\\app.php:15)
[stacktrace]
#0 C:\\Users\\moham\\OneDrive\\Desktop\\projects\\GameShop-crm-rasekh\\backend\\vendor\\laravel\\framework\\src\\Illuminate\\Foundation\\Configuration\\ApplicationBuilder.php(281): {closure:C:\\Users\\moham\\OneDrive\\Desktop\\projects\\GameShop-crm-rasekh\\backend\\bootstrap\\app.php:14}(Object(Illuminate\\Foundation\\Configuration\\Middleware))
#1 C:\\Users\\moham\\OneDrive\\Desktop\\projects\\GameShop-crm-rasekh\\backend\\vendor\\laravel\\framework\\src\\Illuminate\\Container\\Container.php(1620): Illuminate\\Foundation\\Configuration\\ApplicationBuilder->{closure:Illuminate\\Foundation\\Configuration\\ApplicationBuilder::withMiddleware():276}(Object(Illuminate\\Foundation\\Http\\Kernel), Object(Illuminate\\Foundation\\Application))
#2 C:\\Users\\moham\\OneDrive\\Desktop\\projects\\GameShop-crm-rasekh\\backend\\vendor\\laravel\\framework\\src\\Illuminate\\Container\\Container.php(1558): Illuminate\\Container\\Container->fireCallbackArray(Object(Illuminate\\Foundation\\Http\\Kernel), Array)
#3 C:\\Users\\moham\\OneDrive\\Desktop\\projects\\GameShop-crm-rasekh\\backend\\vendor\\laravel\\framework\\src\\Illuminate\\Container\\Container.php(1544): Illuminate\\Container\\Container->fireAfterResolvingCallbacks('Illuminate\\\\Cont...', Object(Illuminate\\Foundation\\Http\\Kernel))
#4 C:\\Users\\moham\\OneDrive\\Desktop\\projects\\GameShop-crm-rasekh\\backend\\vendor\\laravel\\framework\\src\\Illuminate\\Container\\Container.php(951): Illuminate\\Container\\Container->fireResolvingCallbacks('Illuminate\\\\Cont...', Object(Illuminate\\Foundation\\Http\\Kernel))
#5 C:\\Users\\moham\\OneDrive\\Desktop\\projects\\GameShop-crm-rasekh\\backend\\vendor\\laravel\\framework\\src\\Illuminate\\Foundation\\Application.php(1078): Illuminate\\Container\\Container->resolve('Illuminate\\\\Cont...', Array, true)
#6 C:\\Users\\moham\\OneDrive\\Desktop\\projects\\GameShop-crm-rasekh\\backend\\vendor\\laravel\\framework\\src\\Illuminate\\Container\\Container.php(864): Illuminate\\Foundation\\Application->resolve('Illuminate\\\\Cont...', Array)
#7 C:\\Users\\moham\\OneDrive\\Desktop\\projects\\GameShop-crm-rasekh\\backend\\vendor\\laravel\\framework\\src\\Illuminate\\Foundation\\Application.php(1058): Illuminate\\Container\\Container->make('Illuminate\\\\Cont...', Array)
#8 C:\\Users\\moham\\OneDrive\\Desktop\\projects\\GameShop-crm-rasekh\\backend\\vendor\\laravel\\sanctum\\src\\SanctumServiceProvider.php(119): Illuminate\\Foundation\\Application->make('Illuminate\\\\Cont...')
#9 C:\\Users\\moham\\OneDrive\\Desktop\\projects\\GameShop-crm-rasekh\\backend\\vendor\\laravel\\sanctum\\src\\SanctumServiceProvider.php(58): Laravel\\Sanctum\\SanctumServiceProvider->configureMiddleware()
#10 C:\\Users\\moham\\OneDrive\\Desktop\\projects\\GameShop-crm-rasekh\\backend\\vendor\\laravel\\framework\\src\\Illuminate\\Container\\BoundMethod.php(36): Laravel\\Sanctum\\SanctumServiceProvider->boot()
#11 C:\\Users\\moham\\OneDrive\\Desktop\\projects\\GameShop-crm-rasekh\\backend\\vendor\\laravel\\framework\\src\\Illuminate\\Container\\Util.php(43): Illuminate\\Container\\BoundMethod::{closure:Illuminate\\Container\\BoundMethod::call():35}()
#12 C:\\Users\\moham\\OneDrive\\Desktop\\projects\\GameShop-crm-rasekh\\backend\\vendor\\laravel\\framework\\src\\Illuminate\\Container\\BoundMethod.php(96): Illuminate\\Container\\Util::unwrapIfClosure(Object(Closure))
#13 C:\\Users\\moham\\OneDrive\\Desktop\\projects\\GameShop-crm-rasekh\\backend\\vendor\\laravel\\framework\\src\\Illuminate\\Container\\BoundMethod.php(35): Illuminate\\Container\\BoundMethod::callBoundMethod(Object(Illuminate\\Foundation\\Application), Array, Object(Closure))
#14 C:\\Users\\moham\\OneDrive\\Desktop\\projects\\GameShop-crm-rasekh\\backend\\vendor\\laravel\\framework\\src\\Illuminate\\Container\\Container.php(799): Illuminate\\Container\\BoundMethod::call(Object(Illuminate\\Foundation\\Application), Array, Array, NULL)
#15 C:\\Users\\moham\\OneDrive\\Desktop\\projects\\GameShop-crm-rasekh\\backend\\vendor\\laravel\\framework\\src\\Illuminate\\Foundation\\Application.php(1151): Illuminate\\Container\\Container->call(Array)
#16 C:\\Users\\moham\\OneDrive\\Desktop\\projects\\GameShop-crm-rasekh\\backend\\vendor\\laravel\\framework\\src\\Illuminate\\Foundation\\Application.php(1132): Illuminate\\Foundation\\Application->bootProvider(Object(Laravel\\Sanctum\\SanctumServiceProvider))
#17 [internal function]: Illuminate\\Foundation\\Application->{closure:Illuminate\\Foundation\\Application::boot():1131}(Object(Laravel\\Sanctum\\SanctumServiceProvider), 'Laravel\\\\Sanctum...')
#18 C:\\Users\\moham\\OneDrive\\Desktop\\projects\\GameShop-crm-rasekh\\backend\\vendor\\laravel\\framework\\src\\Illuminate\\Foundation\\Application.php(1131): array_walk(Array, Object(Closure))
#19 C:\\Users\\moham\\OneDrive\\Desktop\\projects\\GameShop-crm-rasekh\\backend\\vendor\\laravel\\framework\\src\\Illuminate\\Foundation\\Bootstrap\\BootProviders.php(17): Illuminate\\Foundation\\Application->boot()
#20 C:\\Users\\moham\\OneDrive\\Desktop\\projects\\GameShop-crm-rasekh\\backend\\vendor\\laravel\\framework\\src\\Illuminate\\Foundation\\Application.php(342): Illuminate\\Foundation\\Bootstrap\\BootProviders->bootstrap(Object(Illuminate\\Foundation\\Application))
#21 C:\\Users\\moham\\OneDrive\\Desktop\\projects\\GameShop-crm-rasekh\\backend\\vendor\\laravel\\framework\\src\\Illuminate\\Foundation\\Console\\Kernel.php(494): Illuminate\\Foundation\\Application->bootstrapWith(Array)
#22 C:\\Users\\moham\\OneDrive\\Desktop\\projects\\GameShop-crm-rasekh\\backend\\vendor\\laravel\\framework\\src\\Illuminate\\Foundation\\Console\\Kernel.php(196): Illuminate\\Foundation\\Console\\Kernel->bootstrap()
#23 C:\\Users\\moham\\OneDrive\\Desktop\\projects\\GameShop-crm-rasekh\\backend\\vendor\\laravel\\framework\\src\\Illuminate\\Foundation\\Application.php(1235): Illuminate\\Foundation\\Console\\Kernel->handle(Object(Symfony\\Component\\Console\\Input\\ArgvInput), Object(Symfony\\Component\\Console\\Output\\ConsoleOutput))
#24 C:\\Users\\moham\\OneDrive\\Desktop\\projects\\GameShop-crm-rasekh\\backend\\artisan(16): Illuminate\\Foundation\\Application->handleCommand(Object(Symfony\\Component\\Console\\Input\\ArgvInput))
#25 {main}
"} 
[2025-12-29 14:26:32] local.ERROR: Call to undefined method Illuminate\Foundation\Configuration\Middleware::push() {"exception":"[object] (Error(code: 0): Call to undefined method Illuminate\\Foundation\\Configuration\\Middleware::push() at C:\\Users\\moham\\OneDrive\\Desktop\\projects\\GameShop-crm-rasekh\\backend\\bootstrap\\app.php:15)
[stacktrace]
#0 C:\\Users\\moham\\OneDrive\\Desktop\\projects\\GameShop-crm-rasekh\\backend\\vendor\\laravel\\framework\\src\\Illuminate\\Foundation\\Configuration\\ApplicationBuilder.php(281): {closure:C:\\Users\\moham\\OneDrive\\Desktop\\projects\\GameShop-crm-rasekh\\backend\\bootstrap\\app.php:14}(Object(Illuminate\\Foundation\\Configuration\\Middleware))
#1 C:\\Users\\moham\\OneDrive\\Desktop\\projects\\GameShop-crm-rasekh\\backend\\vendor\\laravel\\framework\\src\\Illuminate\\Container\\Container.php(1620): Illuminate\\Foundation\\Configuration\\ApplicationBuilder->{closure:Illuminate\\Foundation\\Configuration\\ApplicationBuilder::withMiddleware():276}(Object(Illuminate\\Foundation\\Http\\Kernel), Object(Illuminate\\Foundation\\Application))
#2 C:\\Users\\moham\\OneDrive\\Desktop\\projects\\GameShop-crm-rasekh\\backend\\vendor\\laravel\\framework\\src\\Illuminate\\Container\\Container.php(1558): Illuminate\\Container\\Container->fireCallbackArray(Object(Illuminate\\Foundation\\Http\\Kernel), Array)
#3 C:\\Users\\moham\\OneDrive\\Desktop\\projects\\GameShop-crm-rasekh\\backend\\vendor\\laravel\\framework\\src\\Illuminate\\Container\\Container.php(1544): Illuminate\\Container\\Container->fireAfterResolvingCallbacks('Illuminate\\\\Cont...', Object(Illuminate\\Foundation\\Http\\Kernel))
#4 C:\\Users\\moham\\OneDrive\\Desktop\\projects\\GameShop-crm-rasekh\\backend\\vendor\\laravel\\framework\\src\\Illuminate\\Container\\Container.php(951): Illuminate\\Container\\Container->fireResolvingCallbacks('Illuminate\\\\Cont...', Object(Illuminate\\Foundation\\Http\\Kernel))
#5 C:\\Users\\moham\\OneDrive\\Desktop\\projects\\GameShop-crm-rasekh\\backend\\vendor\\laravel\\framework\\src\\Illuminate\\Foundation\\Application.php(1078): Illuminate\\Container\\Container->resolve('Illuminate\\\\Cont...', Array, true)
#6 C:\\Users\\moham\\OneDrive\\Desktop\\projects\\GameShop-crm-rasekh\\backend\\vendor\\laravel\\framework\\src\\Illuminate\\Container\\Container.php(864): Illuminate\\Foundation\\Application->resolve('Illuminate\\\\Cont...', Array)
#7 C:\\Users\\moham\\OneDrive\\Desktop\\projects\\GameShop-crm-rasekh\\backend\\vendor\\laravel\\framework\\src\\Illuminate\\Foundation\\Application.php(1058): Illuminate\\Container\\Container->make('Illuminate\\\\Cont...', Array)
#8 C:\\Users\\moham\\OneDrive\\Desktop\\projects\\GameShop-crm-rasekh\\backend\\vendor\\laravel\\sanctum\\src\\SanctumServiceProvider.php(119): Illuminate\\Foundation\\Application->make('Illuminate\\\\Cont...')
#9 C:\\Users\\moham\\OneDrive\\Desktop\\projects\\GameShop-crm-rasekh\\backend\\vendor\\laravel\\sanctum\\src\\SanctumServiceProvider.php(58): Laravel\\Sanctum\\SanctumServiceProvider->configureMiddleware()
#10 C:\\Users\\moham\\OneDrive\\Desktop\\projects\\GameShop-crm-rasekh\\backend\\vendor\\laravel\\framework\\src\\Illuminate\\Container\\BoundMethod.php(36): Laravel\\Sanctum\\SanctumServiceProvider->boot()
#11 C:\\Users\\moham\\OneDrive\\Desktop\\projects\\GameShop-crm-rasekh\\backend\\vendor\\laravel\\framework\\src\\Illuminate\\Container\\Util.php(43): Illuminate\\Container\\BoundMethod::{closure:Illuminate\\Container\\BoundMethod::call():35}()
#12 C:\\Users\\moham\\OneDrive\\Desktop\\projects\\GameShop-crm-rasekh\\backend\\vendor\\laravel\\framework\\src\\Illuminate\\Container\\BoundMethod.php(96): Illuminate\\Container\\Util::unwrapIfClosure(Object(Closure))
#13 C:\\Users\\moham\\OneDrive\\Desktop\\projects\\GameShop-crm-rasekh\\backend\\vendor\\laravel\\framework\\src\\Illuminate\\Container\\BoundMethod.php(35): Illuminate\\Container\\BoundMethod::callBoundMethod(Object(Illuminate\\Foundation\\Application), Array, Object(Closure))
#14 C:\\Users\\moham\\OneDrive\\Desktop\\projects\\GameShop-crm-rasekh\\backend\\vendor\\laravel\\framework\\src\\Illuminate\\Container\\Container.php(799): Illuminate\\Container\\BoundMethod::call(Object(Illuminate\\Foundation\\Application), Array, Array, NULL)
#15 C:\\Users\\moham\\OneDrive\\Desktop\\projects\\GameShop-crm-rasekh\\backend\\vendor\\laravel\\framework\\src\\Illuminate\\Foundation\\Application.php(1151): Illuminate\\Container\\Container->call(Array)
#16 C:\\Users\\moham\\OneDrive\\Desktop\\projects\\GameShop-crm-rasekh\\backend\\vendor\\laravel\\framework\\src\\Illuminate\\Foundation\\Application.php(1132): Illuminate\\Foundation\\Application->bootProvider(Object(Laravel\\Sanctum\\SanctumServiceProvider))
#17 [internal function]: Illuminate\\Foundation\\Application->{closure:Illuminate\\Foundation\\Application::boot():1131}(Object(Laravel\\Sanctum\\SanctumServiceProvider), 'Laravel\\\\Sanctum...')
#18 C:\\Users\\moham\\OneDrive\\Desktop\\projects\\GameShop-crm-rasekh\\backend\\vendor\\laravel\\framework\\src\\Illuminate\\Foundation\\Application.php(1131): array_walk(Array, Object(Closure))
#19 C:\\Users\\moham\\OneDrive\\Desktop\\projects\\GameShop-crm-rasekh\\backend\\vendor\\laravel\\framework\\src\\Illuminate\\Foundation\\Bootstrap\\BootProviders.php(17): Illuminate\\Foundation\\Application->boot()
#20 C:\\Users\\moham\\OneDrive\\Desktop\\projects\\GameShop-crm-rasekh\\backend\\vendor\\laravel\\framework\\src\\Illuminate\\Foundation\\Application.php(342): Illuminate\\Foundation\\Bootstrap\\BootProviders->bootstrap(Object(Illuminate\\Foundation\\Application))
#21 C:\\Users\\moham\\OneDrive\\Desktop\\projects\\GameShop-crm-rasekh\\backend\\vendor\\laravel\\framework\\src\\Illuminate\\Foundation\\Console\\Kernel.php(494): Illuminate\\Foundation\\Application->bootstrapWith(Array)
#22 C:\\Users\\moham\\OneDrive\\Desktop\\projects\\GameShop-crm-rasekh\\backend\\vendor\\laravel\\framework\\src\\Illuminate\\Foundation\\Console\\Kernel.php(196): Illuminate\\Foundation\\Console\\Kernel->bootstrap()
#23 C:\\Users\\moham\\OneDrive\\Desktop\\projects\\GameShop-crm-rasekh\\backend\\vendor\\laravel\\framework\\src\\Illuminate\\Foundation\\Application.php(1235): Illuminate\\Foundation\\Console\\Kernel->handle(Object(Symfony\\Component\\Console\\Input\\ArgvInput), Object(Symfony\\Component\\Console\\Output\\ConsoleOutput))
#24 C:\\Users\\moham\\OneDrive\\Desktop\\projects\\GameShop-crm-rasekh\\backend\\artisan(16): Illuminate\\Foundation\\Application->handleCommand(Object(Symfony\\Component\\Console\\Input\\ArgvInput))
#25 {main}
"} 
[2025-12-29 14:27:21] local.ERROR: Call to undefined method Illuminate\Foundation\Configuration\Middleware::push() {"exception":"[object] (Error(code: 0): Call to undefined method Illuminate\\Foundation\\Configuration\\Middleware::push() at C:\\Users\\moham\\OneDrive\\Desktop\\projects\\GameShop-crm-rasekh\\backend\\bootstrap\\app.php:15)
[stacktrace]
#0 C:\\Users\\moham\\OneDrive\\Desktop\\projects\\GameShop-crm-rasekh\\backend\\vendor\\laravel\\framework\\src\\Illuminate\\Foundation\\Configuration\\ApplicationBuilder.php(281): {closure:C:\\Users\\moham\\OneDrive\\Desktop\\projects\\GameShop-crm-rasekh\\backend\\bootstrap\\app.php:14}(Object(Illuminate\\Foundation\\Configuration\\Middleware))
#1 C:\\Users\\moham\\OneDrive\\Desktop\\projects\\GameShop-crm-rasekh\\backend\\vendor\\laravel\\framework\\src\\Illuminate\\Container\\Container.php(1620): Illuminate\\Foundation\\Configuration\\ApplicationBuilder->{closure:Illuminate\\Foundation\\Configuration\\ApplicationBuilder::withMiddleware():276}(Object(Illuminate\\Foundation\\Http\\Kernel), Object(Illuminate\\Foundation\\Application))
#2 C:\\Users\\moham\\OneDrive\\Desktop\\projects\\GameShop-crm-rasekh\\backend\\vendor\\laravel\\framework\\src\\Illuminate\\Container\\Container.php(1558): Illuminate\\Container\\Container->fireCallbackArray(Object(Illuminate\\Foundation\\Http\\Kernel), Array)
#3 C:\\Users\\moham\\OneDrive\\Desktop\\projects\\GameShop-crm-rasekh\\backend\\vendor\\laravel\\framework\\src\\Illuminate\\Container\\Container.php(1544): Illuminate\\Container\\Container->fireAfterResolvingCallbacks('Illuminate\\\\Cont...', Object(Illuminate\\Foundation\\Http\\Kernel))
#4 C:\\Users\\moham\\OneDrive\\Desktop\\projects\\GameShop-crm-rasekh\\backend\\vendor\\laravel\\framework\\src\\Illuminate\\Container\\Container.php(951): Illuminate\\Container\\Container->fireResolvingCallbacks('Illuminate\\\\Cont...', Object(Illuminate\\Foundation\\Http\\Kernel))
#5 C:\\Users\\moham\\OneDrive\\Desktop\\projects\\GameShop-crm-rasekh\\backend\\vendor\\laravel\\framework\\src\\Illuminate\\Foundation\\Application.php(1078): Illuminate\\Container\\Container->resolve('Illuminate\\\\Cont...', Array, true)
#6 C:\\Users\\moham\\OneDrive\\Desktop\\projects\\GameShop-crm-rasekh\\backend\\vendor\\laravel\\framework\\src\\Illuminate\\Container\\Container.php(864): Illuminate\\Foundation\\Application->resolve('Illuminate\\\\Cont...', Array)
#7 C:\\Users\\moham\\OneDrive\\Desktop\\projects\\GameShop-crm-rasekh\\backend\\vendor\\laravel\\framework\\src\\Illuminate\\Foundation\\Application.php(1058): Illuminate\\Container\\Container->make('Illuminate\\\\Cont...', Array)
#8 C:\\Users\\moham\\OneDrive\\Desktop\\projects\\GameShop-crm-rasekh\\backend\\vendor\\laravel\\sanctum\\src\\SanctumServiceProvider.php(119): Illuminate\\Foundation\\Application->make('Illuminate\\\\Cont...')
#9 C:\\Users\\moham\\OneDrive\\Desktop\\projects\\GameShop-crm-rasekh\\backend\\vendor\\laravel\\sanctum\\src\\SanctumServiceProvider.php(58): Laravel\\Sanctum\\SanctumServiceProvider->configureMiddleware()
#10 C:\\Users\\moham\\OneDrive\\Desktop\\projects\\GameShop-crm-rasekh\\backend\\vendor\\laravel\\framework\\src\\Illuminate\\Container\\BoundMethod.php(36): Laravel\\Sanctum\\SanctumServiceProvider->boot()
#11 C:\\Users\\moham\\OneDrive\\Desktop\\projects\\GameShop-crm-rasekh\\backend\\vendor\\laravel\\framework\\src\\Illuminate\\Container\\Util.php(43): Illuminate\\Container\\BoundMethod::{closure:Illuminate\\Container\\BoundMethod::call():35}()
#12 C:\\Users\\moham\\OneDrive\\Desktop\\projects\\GameShop-crm-rasekh\\backend\\vendor\\laravel\\framework\\src\\Illuminate\\Container\\BoundMethod.php(96): Illuminate\\Container\\Util::unwrapIfClosure(Object(Closure))
#13 C:\\Users\\moham\\OneDrive\\Desktop\\projects\\GameShop-crm-rasekh\\backend\\vendor\\laravel\\framework\\src\\Illuminate\\Container\\BoundMethod.php(35): Illuminate\\Container\\BoundMethod::callBoundMethod(Object(Illuminate\\Foundation\\Application), Array, Object(Closure))
#14 C:\\Users\\moham\\OneDrive\\Desktop\\projects\\GameShop-crm-rasekh\\backend\\vendor\\laravel\\framework\\src\\Illuminate\\Container\\Container.php(799): Illuminate\\Container\\BoundMethod::call(Object(Illuminate\\Foundation\\Application), Array, Array, NULL)
#15 C:\\Users\\moham\\OneDrive\\Desktop\\projects\\GameShop-crm-rasekh\\backend\\vendor\\laravel\\framework\\src\\Illuminate\\Foundation\\Application.php(1151): Illuminate\\Container\\Container->call(Array)
#16 C:\\Users\\moham\\OneDrive\\Desktop\\projects\\GameShop-crm-rasekh\\backend\\vendor\\laravel\\framework\\src\\Illuminate\\Foundation\\Application.php(1132): Illuminate\\Foundation\\Application->bootProvider(Object(Laravel\\Sanctum\\SanctumServiceProvider))
#17 [internal function]: Illuminate\\Foundation\\Application->{closure:Illuminate\\Foundation\\Application::boot():1131}(Object(Laravel\\Sanctum\\SanctumServiceProvider), 'Laravel\\\\Sanctum...')
#18 C:\\Users\\moham\\OneDrive\\Desktop\\projects\\GameShop-crm-rasekh\\backend\\vendor\\laravel\\framework\\src\\Illuminate\\Foundation\\Application.php(1131): array_walk(Array, Object(Closure))
#19 C:\\Users\\moham\\OneDrive\\Desktop\\projects\\GameShop-crm-rasekh\\backend\\vendor\\laravel\\framework\\src\\Illuminate\\Foundation\\Bootstrap\\BootProviders.php(17): Illuminate\\Foundation\\Application->boot()
#20 C:\\Users\\moham\\OneDrive\\Desktop\\projects\\GameShop-crm-rasekh\\backend\\vendor\\laravel\\framework\\src\\Illuminate\\Foundation\\Application.php(342): Illuminate\\Foundation\\Bootstrap\\BootProviders->bootstrap(Object(Illuminate\\Foundation\\Application))
#21 C:\\Users\\moham\\OneDrive\\Desktop\\projects\\GameShop-crm-rasekh\\backend\\vendor\\laravel\\framework\\src\\Illuminate\\Foundation\\Console\\Kernel.php(494): Illuminate\\Foundation\\Application->bootstrapWith(Array)
#22 C:\\Users\\moham\\OneDrive\\Desktop\\projects\\GameShop-crm-rasekh\\backend\\vendor\\laravel\\framework\\src\\Illuminate\\Foundation\\Console\\Kernel.php(196): Illuminate\\Foundation\\Console\\Kernel->bootstrap()
#23 C:\\Users\\moham\\OneDrive\\Desktop\\projects\\GameShop-crm-rasekh\\backend\\vendor\\laravel\\framework\\src\\Illuminate\\Foundation\\Application.php(1235): Illuminate\\Foundation\\Console\\Kernel->handle(Object(Symfony\\Component\\Console\\Input\\ArgvInput), Object(Symfony\\Component\\Console\\Output\\ConsoleOutput))
#24 C:\\Users\\moham\\OneDrive\\Desktop\\projects\\GameShop-crm-rasekh\\backend\\artisan(16): Illuminate\\Foundation\\Application->handleCommand(Object(Symfony\\Component\\Console\\Input\\ArgvInput))
#25 {main}
"} 
[2025-12-29 14:27:33] local.ERROR: Call to undefined method Illuminate\Foundation\Configuration\Middleware::push() {"exception":"[object] (Error(code: 0): Call to undefined method Illuminate\\Foundation\\Configuration\\Middleware::push() at C:\\Users\\moham\\OneDrive\\Desktop\\projects\\GameShop-crm-rasekh\\backend\\bootstrap\\app.php:15)
[stacktrace]
#0 C:\\Users\\moham\\OneDrive\\Desktop\\projects\\GameShop-crm-rasekh\\backend\\vendor\\laravel\\framework\\src\\Illuminate\\Foundation\\Configuration\\ApplicationBuilder.php(281): {closure:C:\\Users\\moham\\OneDrive\\Desktop\\projects\\GameShop-crm-rasekh\\backend\\bootstrap\\app.php:14}(Object(Illuminate\\Foundation\\Configuration\\Middleware))
#1 C:\\Users\\moham\\OneDrive\\Desktop\\projects\\GameShop-crm-rasekh\\backend\\vendor\\laravel\\framework\\src\\Illuminate\\Container\\Container.php(1620): Illuminate\\Foundation\\Configuration\\ApplicationBuilder->{closure:Illuminate\\Foundation\\Configuration\\ApplicationBuilder::withMiddleware():276}(Object(Illuminate\\Foundation\\Http\\Kernel), Object(Illuminate\\Foundation\\Application))
#2 C:\\Users\\moham\\OneDrive\\Desktop\\projects\\GameShop-crm-rasekh\\backend\\vendor\\laravel\\framework\\src\\Illuminate\\Container\\Container.php(1558): Illuminate\\Container\\Container->fireCallbackArray(Object(Illuminate\\Foundation\\Http\\Kernel), Array)
#3 C:\\Users\\moham\\OneDrive\\Desktop\\projects\\GameShop-crm-rasekh\\backend\\vendor\\laravel\\framework\\src\\Illuminate\\Container\\Container.php(1544): Illuminate\\Container\\Container->fireAfterResolvingCallbacks('Illuminate\\\\Cont...', Object(Illuminate\\Foundation\\Http\\Kernel))
#4 C:\\Users\\moham\\OneDrive\\Desktop\\projects\\GameShop-crm-rasekh\\backend\\vendor\\laravel\\framework\\src\\Illuminate\\Container\\Container.php(951): Illuminate\\Container\\Container->fireResolvingCallbacks('Illuminate\\\\Cont...', Object(Illuminate\\Foundation\\Http\\Kernel))
#5 C:\\Users\\moham\\OneDrive\\Desktop\\projects\\GameShop-crm-rasekh\\backend\\vendor\\laravel\\framework\\src\\Illuminate\\Foundation\\Application.php(1078): Illuminate\\Container\\Container->resolve('Illuminate\\\\Cont...', Array, true)
#6 C:\\Users\\moham\\OneDrive\\Desktop\\projects\\GameShop-crm-rasekh\\backend\\vendor\\laravel\\framework\\src\\Illuminate\\Container\\Container.php(864): Illuminate\\Foundation\\Application->resolve('Illuminate\\\\Cont...', Array)
#7 C:\\Users\\moham\\OneDrive\\Desktop\\projects\\GameShop-crm-rasekh\\backend\\vendor\\laravel\\framework\\src\\Illuminate\\Foundation\\Application.php(1058): Illuminate\\Container\\Container->make('Illuminate\\\\Cont...', Array)
#8 C:\\Users\\moham\\OneDrive\\Desktop\\projects\\GameShop-crm-rasekh\\backend\\vendor\\laravel\\sanctum\\src\\SanctumServiceProvider.php(119): Illuminate\\Foundation\\Application->make('Illuminate\\\\Cont...')
#9 C:\\Users\\moham\\OneDrive\\Desktop\\projects\\GameShop-crm-rasekh\\backend\\vendor\\laravel\\sanctum\\src\\SanctumServiceProvider.php(58): Laravel\\Sanctum\\SanctumServiceProvider->configureMiddleware()
#10 C:\\Users\\moham\\OneDrive\\Desktop\\projects\\GameShop-crm-rasekh\\backend\\vendor\\laravel\\framework\\src\\Illuminate\\Container\\BoundMethod.php(36): Laravel\\Sanctum\\SanctumServiceProvider->boot()
#11 C:\\Users\\moham\\OneDrive\\Desktop\\projects\\GameShop-crm-rasekh\\backend\\vendor\\laravel\\framework\\src\\Illuminate\\Container\\Util.php(43): Illuminate\\Container\\BoundMethod::{closure:Illuminate\\Container\\BoundMethod::call():35}()
#12 C:\\Users\\moham\\OneDrive\\Desktop\\projects\\GameShop-crm-rasekh\\backend\\vendor\\laravel\\framework\\src\\Illuminate\\Container\\BoundMethod.php(96): Illuminate\\Container\\Util::unwrapIfClosure(Object(Closure))
#13 C:\\Users\\moham\\OneDrive\\Desktop\\projects\\GameShop-crm-rasekh\\backend\\vendor\\laravel\\framework\\src\\Illuminate\\Container\\BoundMethod.php(35): Illuminate\\Container\\BoundMethod::callBoundMethod(Object(Illuminate\\Foundation\\Application), Array, Object(Closure))
#14 C:\\Users\\moham\\OneDrive\\Desktop\\projects\\GameShop-crm-rasekh\\backend\\vendor\\laravel\\framework\\src\\Illuminate\\Container\\Container.php(799): Illuminate\\Container\\BoundMethod::call(Object(Illuminate\\Foundation\\Application), Array, Array, NULL)
#15 C:\\Users\\moham\\OneDrive\\Desktop\\projects\\GameShop-crm-rasekh\\backend\\vendor\\laravel\\framework\\src\\Illuminate\\Foundation\\Application.php(1151): Illuminate\\Container\\Container->call(Array)
#16 C:\\Users\\moham\\OneDrive\\Desktop\\projects\\GameShop-crm-rasekh\\backend\\vendor\\laravel\\framework\\src\\Illuminate\\Foundation\\Application.php(1132): Illuminate\\Foundation\\Application->bootProvider(Object(Laravel\\Sanctum\\SanctumServiceProvider))
#17 [internal function]: Illuminate\\Foundation\\Application->{closure:Illuminate\\Foundation\\Application::boot():1131}(Object(Laravel\\Sanctum\\SanctumServiceProvider), 'Laravel\\\\Sanctum...')
#18 C:\\Users\\moham\\OneDrive\\Desktop\\projects\\GameShop-crm-rasekh\\backend\\vendor\\laravel\\framework\\src\\Illuminate\\Foundation\\Application.php(1131): array_walk(Array, Object(Closure))
#19 C:\\Users\\moham\\OneDrive\\Desktop\\projects\\GameShop-crm-rasekh\\backend\\vendor\\laravel\\framework\\src\\Illuminate\\Foundation\\Bootstrap\\BootProviders.php(17): Illuminate\\Foundation\\Application->boot()
#20 C:\\Users\\moham\\OneDrive\\Desktop\\projects\\GameShop-crm-rasekh\\backend\\vendor\\laravel\\framework\\src\\Illuminate\\Foundation\\Application.php(342): Illuminate\\Foundation\\Bootstrap\\BootProviders->bootstrap(Object(Illuminate\\Foundation\\Application))
#21 C:\\Users\\moham\\OneDrive\\Desktop\\projects\\GameShop-crm-rasekh\\backend\\vendor\\laravel\\framework\\src\\Illuminate\\Foundation\\Console\\Kernel.php(494): Illuminate\\Foundation\\Application->bootstrapWith(Array)
#22 C:\\Users\\moham\\OneDrive\\Desktop\\projects\\GameShop-crm-rasekh\\backend\\vendor\\laravel\\framework\\src\\Illuminate\\Foundation\\Console\\Kernel.php(196): Illuminate\\Foundation\\Console\\Kernel->bootstrap()
#23 C:\\Users\\moham\\OneDrive\\Desktop\\projects\\GameShop-crm-rasekh\\backend\\vendor\\laravel\\framework\\src\\Illuminate\\Foundation\\Application.php(1235): Illuminate\\Foundation\\Console\\Kernel->handle(Object(Symfony\\Component\\Console\\Input\\ArgvInput), Object(Symfony\\Component\\Console\\Output\\ConsoleOutput))
#24 C:\\Users\\moham\\OneDrive\\Desktop\\projects\\GameShop-crm-rasekh\\backend\\artisan(16): Illuminate\\Foundation\\Application->handleCommand(Object(Symfony\\Component\\Console\\Input\\ArgvInput))
#25 {main}
"} 
[2025-12-29 14:28:18] local.ERROR: Cannot use object of type Illuminate\Foundation\Configuration\Middleware as array {"exception":"[object] (Error(code: 0): Cannot use object of type Illuminate\\Foundation\\Configuration\\Middleware as array at C:\\Users\\moham\\OneDrive\\Desktop\\projects\\GameShop-crm-rasekh\\backend\\bootstrap\\app.php:15)
[stacktrace]
#0 C:\\Users\\moham\\OneDrive\\Desktop\\projects\\GameShop-crm-rasekh\\backend\\vendor\\laravel\\framework\\src\\Illuminate\\Foundation\\Configuration\\ApplicationBuilder.php(281): {closure:C:\\Users\\moham\\OneDrive\\Desktop\\projects\\GameShop-crm-rasekh\\backend\\bootstrap\\app.php:14}(Object(Illuminate\\Foundation\\Configuration\\Middleware))
#1 C:\\Users\\moham\\OneDrive\\Desktop\\projects\\GameShop-crm-rasekh\\backend\\vendor\\laravel\\framework\\src\\Illuminate\\Container\\Container.php(1620): Illuminate\\Foundation\\Configuration\\ApplicationBuilder->{closure:Illuminate\\Foundation\\Configuration\\ApplicationBuilder::withMiddleware():276}(Object(Illuminate\\Foundation\\Http\\Kernel), Object(Illuminate\\Foundation\\Application))
#2 C:\\Users\\moham\\OneDrive\\Desktop\\projects\\GameShop-crm-rasekh\\backend\\vendor\\laravel\\framework\\src\\Illuminate\\Container\\Container.php(1558): Illuminate\\Container\\Container->fireCallbackArray(Object(Illuminate\\Foundation\\Http\\Kernel), Array)
#3 C:\\Users\\moham\\OneDrive\\Desktop\\projects\\GameShop-crm-rasekh\\backend\\vendor\\laravel\\framework\\src\\Illuminate\\Container\\Container.php(1544): Illuminate\\Container\\Container->fireAfterResolvingCallbacks('Illuminate\\\\Cont...', Object(Illuminate\\Foundation\\Http\\Kernel))
#4 C:\\Users\\moham\\OneDrive\\Desktop\\projects\\GameShop-crm-rasekh\\backend\\vendor\\laravel\\framework\\src\\Illuminate\\Container\\Container.php(951): Illuminate\\Container\\Container->fireResolvingCallbacks('Illuminate\\\\Cont...', Object(Illuminate\\Foundation\\Http\\Kernel))
#5 C:\\Users\\moham\\OneDrive\\Desktop\\projects\\GameShop-crm-rasekh\\backend\\vendor\\laravel\\framework\\src\\Illuminate\\Foundation\\Application.php(1078): Illuminate\\Container\\Container->resolve('Illuminate\\\\Cont...', Array, true)
#6 C:\\Users\\moham\\OneDrive\\Desktop\\projects\\GameShop-crm-rasekh\\backend\\vendor\\laravel\\framework\\src\\Illuminate\\Container\\Container.php(864): Illuminate\\Foundation\\Application->resolve('Illuminate\\\\Cont...', Array)
#7 C:\\Users\\moham\\OneDrive\\Desktop\\projects\\GameShop-crm-rasekh\\backend\\vendor\\laravel\\framework\\src\\Illuminate\\Foundation\\Application.php(1058): Illuminate\\Container\\Container->make('Illuminate\\\\Cont...', Array)
#8 C:\\Users\\moham\\OneDrive\\Desktop\\projects\\GameShop-crm-rasekh\\backend\\vendor\\laravel\\sanctum\\src\\SanctumServiceProvider.php(119): Illuminate\\Foundation\\Application->make('Illuminate\\\\Cont...')
#9 C:\\Users\\moham\\OneDrive\\Desktop\\projects\\GameShop-crm-rasekh\\backend\\vendor\\laravel\\sanctum\\src\\SanctumServiceProvider.php(58): Laravel\\Sanctum\\SanctumServiceProvider->configureMiddleware()
#10 C:\\Users\\moham\\OneDrive\\Desktop\\projects\\GameShop-crm-rasekh\\backend\\vendor\\laravel\\framework\\src\\Illuminate\\Container\\BoundMethod.php(36): Laravel\\Sanctum\\SanctumServiceProvider->boot()
#11 C:\\Users\\moham\\OneDrive\\Desktop\\projects\\GameShop-crm-rasekh\\backend\\vendor\\laravel\\framework\\src\\Illuminate\\Container\\Util.php(43): Illuminate\\Container\\BoundMethod::{closure:Illuminate\\Container\\BoundMethod::call():35}()
#12 C:\\Users\\moham\\OneDrive\\Desktop\\projects\\GameShop-crm-rasekh\\backend\\vendor\\laravel\\framework\\src\\Illuminate\\Container\\BoundMethod.php(96): Illuminate\\Container\\Util::unwrapIfClosure(Object(Closure))
#13 C:\\Users\\moham\\OneDrive\\Desktop\\projects\\GameShop-crm-rasekh\\backend\\vendor\\laravel\\framework\\src\\Illuminate\\Container\\BoundMethod.php(35): Illuminate\\Container\\BoundMethod::callBoundMethod(Object(Illuminate\\Foundation\\Application), Array, Object(Closure))
#14 C:\\Users\\moham\\OneDrive\\Desktop\\projects\\GameShop-crm-rasekh\\backend\\vendor\\laravel\\framework\\src\\Illuminate\\Container\\Container.php(799): Illuminate\\Container\\BoundMethod::call(Object(Illuminate\\Foundation\\Application), Array, Array, NULL)
#15 C:\\Users\\moham\\OneDrive\\Desktop\\projects\\GameShop-crm-rasekh\\backend\\vendor\\laravel\\framework\\src\\Illuminate\\Foundation\\Application.php(1151): Illuminate\\Container\\Container->call(Array)
#16 C:\\Users\\moham\\OneDrive\\Desktop\\projects\\GameShop-crm-rasekh\\backend\\vendor\\laravel\\framework\\src\\Illuminate\\Foundation\\Application.php(1132): Illuminate\\Foundation\\Application->bootProvider(Object(Laravel\\Sanctum\\SanctumServiceProvider))
#17 [internal function]: Illuminate\\Foundation\\Application->{closure:Illuminate\\Foundation\\Application::boot():1131}(Object(Laravel\\Sanctum\\SanctumServiceProvider), 'Laravel\\\\Sanctum...')
#18 C:\\Users\\moham\\OneDrive\\Desktop\\projects\\GameShop-crm-rasekh\\backend\\vendor\\laravel\\framework\\src\\Illuminate\\Foundation\\Application.php(1131): array_walk(Array, Object(Closure))
#19 C:\\Users\\moham\\OneDrive\\Desktop\\projects\\GameShop-crm-rasekh\\backend\\vendor\\laravel\\framework\\src\\Illuminate\\Foundation\\Bootstrap\\BootProviders.php(17): Illuminate\\Foundation\\Application->boot()
#20 C:\\Users\\moham\\OneDrive\\Desktop\\projects\\GameShop-crm-rasekh\\backend\\vendor\\laravel\\framework\\src\\Illuminate\\Foundation\\Application.php(342): Illuminate\\Foundation\\Bootstrap\\BootProviders->bootstrap(Object(Illuminate\\Foundation\\Application))
#21 C:\\Users\\moham\\OneDrive\\Desktop\\projects\\GameShop-crm-rasekh\\backend\\vendor\\laravel\\framework\\src\\Illuminate\\Foundation\\Console\\Kernel.php(494): Illuminate\\Foundation\\Application->bootstrapWith(Array)
#22 C:\\Users\\moham\\OneDrive\\Desktop\\projects\\GameShop-crm-rasekh\\backend\\vendor\\laravel\\framework\\src\\Illuminate\\Foundation\\Console\\Kernel.php(196): Illuminate\\Foundation\\Console\\Kernel->bootstrap()
#23 C:\\Users\\moham\\OneDrive\\Desktop\\projects\\GameShop-crm-rasekh\\backend\\vendor\\laravel\\framework\\src\\Illuminate\\Foundation\\Application.php(1235): Illuminate\\Foundation\\Console\\Kernel->handle(Object(Symfony\\Component\\Console\\Input\\ArgvInput), Object(Symfony\\Component\\Console\\Output\\ConsoleOutput))
#24 C:\\Users\\moham\\OneDrive\\Desktop\\projects\\GameShop-crm-rasekh\\backend\\artisan(16): Illuminate\\Foundation\\Application->handleCommand(Object(Symfony\\Component\\Console\\Input\\ArgvInput))
#25 {main}
"} 
[2025-12-29 14:28:57] local.ERROR: Cannot use object of type Illuminate\Foundation\Configuration\Middleware as array {"exception":"[object] (Error(code: 0): Cannot use object of type Illuminate\\Foundation\\Configuration\\Middleware as array at C:\\Users\\moham\\OneDrive\\Desktop\\projects\\GameShop-crm-rasekh\\backend\\bootstrap\\app.php:15)
[stacktrace]
#0 C:\\Users\\moham\\OneDrive\\Desktop\\projects\\GameShop-crm-rasekh\\backend\\vendor\\laravel\\framework\\src\\Illuminate\\Foundation\\Configuration\\ApplicationBuilder.php(281): {closure:C:\\Users\\moham\\OneDrive\\Desktop\\projects\\GameShop-crm-rasekh\\backend\\bootstrap\\app.php:14}(Object(Illuminate\\Foundation\\Configuration\\Middleware))
#1 C:\\Users\\moham\\OneDrive\\Desktop\\projects\\GameShop-crm-rasekh\\backend\\vendor\\laravel\\framework\\src\\Illuminate\\Container\\Container.php(1620): Illuminate\\Foundation\\Configuration\\ApplicationBuilder->{closure:Illuminate\\Foundation\\Configuration\\ApplicationBuilder::withMiddleware():276}(Object(Illuminate\\Foundation\\Http\\Kernel), Object(Illuminate\\Foundation\\Application))
#2 C:\\Users\\moham\\OneDrive\\Desktop\\projects\\GameShop-crm-rasekh\\backend\\vendor\\laravel\\framework\\src\\Illuminate\\Container\\Container.php(1558): Illuminate\\Container\\Container->fireCallbackArray(Object(Illuminate\\Foundation\\Http\\Kernel), Array)
#3 C:\\Users\\moham\\OneDrive\\Desktop\\projects\\GameShop-crm-rasekh\\backend\\vendor\\laravel\\framework\\src\\Illuminate\\Container\\Container.php(1544): Illuminate\\Container\\Container->fireAfterResolvingCallbacks('Illuminate\\\\Cont...', Object(Illuminate\\Foundation\\Http\\Kernel))
#4 C:\\Users\\moham\\OneDrive\\Desktop\\projects\\GameShop-crm-rasekh\\backend\\vendor\\laravel\\framework\\src\\Illuminate\\Container\\Container.php(951): Illuminate\\Container\\Container->fireResolvingCallbacks('Illuminate\\\\Cont...', Object(Illuminate\\Foundation\\Http\\Kernel))
#5 C:\\Users\\moham\\OneDrive\\Desktop\\projects\\GameShop-crm-rasekh\\backend\\vendor\\laravel\\framework\\src\\Illuminate\\Foundation\\Application.php(1078): Illuminate\\Container\\Container->resolve('Illuminate\\\\Cont...', Array, true)
#6 C:\\Users\\moham\\OneDrive\\Desktop\\projects\\GameShop-crm-rasekh\\backend\\vendor\\laravel\\framework\\src\\Illuminate\\Container\\Container.php(864): Illuminate\\Foundation\\Application->resolve('Illuminate\\\\Cont...', Array)
#7 C:\\Users\\moham\\OneDrive\\Desktop\\projects\\GameShop-crm-rasekh\\backend\\vendor\\laravel\\framework\\src\\Illuminate\\Foundation\\Application.php(1058): Illuminate\\Container\\Container->make('Illuminate\\\\Cont...', Array)
#8 C:\\Users\\moham\\OneDrive\\Desktop\\projects\\GameShop-crm-rasekh\\backend\\vendor\\laravel\\sanctum\\src\\SanctumServiceProvider.php(119): Illuminate\\Foundation\\Application->make('Illuminate\\\\Cont...')
#9 C:\\Users\\moham\\OneDrive\\Desktop\\projects\\GameShop-crm-rasekh\\backend\\vendor\\laravel\\sanctum\\src\\SanctumServiceProvider.php(58): Laravel\\Sanctum\\SanctumServiceProvider->configureMiddleware()
#10 C:\\Users\\moham\\OneDrive\\Desktop\\projects\\GameShop-crm-rasekh\\backend\\vendor\\laravel\\framework\\src\\Illuminate\\Container\\BoundMethod.php(36): Laravel\\Sanctum\\SanctumServiceProvider->boot()
#11 C:\\Users\\moham\\OneDrive\\Desktop\\projects\\GameShop-crm-rasekh\\backend\\vendor\\laravel\\framework\\src\\Illuminate\\Container\\Util.php(43): Illuminate\\Container\\BoundMethod::{closure:Illuminate\\Container\\BoundMethod::call():35}()
#12 C:\\Users\\moham\\OneDrive\\Desktop\\projects\\GameShop-crm-rasekh\\backend\\vendor\\laravel\\framework\\src\\Illuminate\\Container\\BoundMethod.php(96): Illuminate\\Container\\Util::unwrapIfClosure(Object(Closure))
#13 C:\\Users\\moham\\OneDrive\\Desktop\\projects\\GameShop-crm-rasekh\\backend\\vendor\\laravel\\framework\\src\\Illuminate\\Container\\BoundMethod.php(35): Illuminate\\Container\\BoundMethod::callBoundMethod(Object(Illuminate\\Foundation\\Application), Array, Object(Closure))
#14 C:\\Users\\moham\\OneDrive\\Desktop\\projects\\GameShop-crm-rasekh\\backend\\vendor\\laravel\\framework\\src\\Illuminate\\Container\\Container.php(799): Illuminate\\Container\\BoundMethod::call(Object(Illuminate\\Foundation\\Application), Array, Array, NULL)
#15 C:\\Users\\moham\\OneDrive\\Desktop\\projects\\GameShop-crm-rasekh\\backend\\vendor\\laravel\\framework\\src\\Illuminate\\Foundation\\Application.php(1151): Illuminate\\Container\\Container->call(Array)
#16 C:\\Users\\moham\\OneDrive\\Desktop\\projects\\GameShop-crm-rasekh\\backend\\vendor\\laravel\\framework\\src\\Illuminate\\Foundation\\Application.php(1132): Illuminate\\Foundation\\Application->bootProvider(Object(Laravel\\Sanctum\\SanctumServiceProvider))
#17 [internal function]: Illuminate\\Foundation\\Application->{closure:Illuminate\\Foundation\\Application::boot():1131}(Object(Laravel\\Sanctum\\SanctumServiceProvider), 'Laravel\\\\Sanctum...')
#18 C:\\Users\\moham\\OneDrive\\Desktop\\projects\\GameShop-crm-rasekh\\backend\\vendor\\laravel\\framework\\src\\Illuminate\\Foundation\\Application.php(1131): array_walk(Array, Object(Closure))
#19 C:\\Users\\moham\\OneDrive\\Desktop\\projects\\GameShop-crm-rasekh\\backend\\vendor\\laravel\\framework\\src\\Illuminate\\Foundation\\Bootstrap\\BootProviders.php(17): Illuminate\\Foundation\\Application->boot()
#20 C:\\Users\\moham\\OneDrive\\Desktop\\projects\\GameShop-crm-rasekh\\backend\\vendor\\laravel\\framework\\src\\Illuminate\\Foundation\\Application.php(342): Illuminate\\Foundation\\Bootstrap\\BootProviders->bootstrap(Object(Illuminate\\Foundation\\Application))
#21 C:\\Users\\moham\\OneDrive\\Desktop\\projects\\GameShop-crm-rasekh\\backend\\vendor\\laravel\\framework\\src\\Illuminate\\Foundation\\Console\\Kernel.php(494): Illuminate\\Foundation\\Application->bootstrapWith(Array)
#22 C:\\Users\\moham\\OneDrive\\Desktop\\projects\\GameShop-crm-rasekh\\backend\\vendor\\laravel\\framework\\src\\Illuminate\\Foundation\\Console\\Kernel.php(196): Illuminate\\Foundation\\Console\\Kernel->bootstrap()
#23 C:\\Users\\moham\\OneDrive\\Desktop\\projects\\GameShop-crm-rasekh\\backend\\vendor\\laravel\\framework\\src\\Illuminate\\Foundation\\Application.php(1235): Illuminate\\Foundation\\Console\\Kernel->handle(Object(Symfony\\Component\\Console\\Input\\ArgvInput), Object(Symfony\\Component\\Console\\Output\\ConsoleOutput))
#24 C:\\Users\\moham\\OneDrive\\Desktop\\projects\\GameShop-crm-rasekh\\backend\\artisan(16): Illuminate\\Foundation\\Application->handleCommand(Object(Symfony\\Component\\Console\\Input\\ArgvInput))
#25 {main}
"} 
[2025-12-29 14:29:07] local.ERROR: Call to undefined method Illuminate\Foundation\Configuration\Middleware::add() {"exception":"[object] (Error(code: 0): Call to undefined method Illuminate\\Foundation\\Configuration\\Middleware::add() at C:\\Users\\moham\\OneDrive\\Desktop\\projects\\GameShop-crm-rasekh\\backend\\bootstrap\\app.php:15)
[stacktrace]
#0 C:\\Users\\moham\\OneDrive\\Desktop\\projects\\GameShop-crm-rasekh\\backend\\vendor\\laravel\\framework\\src\\Illuminate\\Foundation\\Configuration\\ApplicationBuilder.php(281): {closure:C:\\Users\\moham\\OneDrive\\Desktop\\projects\\GameShop-crm-rasekh\\backend\\bootstrap\\app.php:14}(Object(Illuminate\\Foundation\\Configuration\\Middleware))
#1 C:\\Users\\moham\\OneDrive\\Desktop\\projects\\GameShop-crm-rasekh\\backend\\vendor\\laravel\\framework\\src\\Illuminate\\Container\\Container.php(1620): Illuminate\\Foundation\\Configuration\\ApplicationBuilder->{closure:Illuminate\\Foundation\\Configuration\\ApplicationBuilder::withMiddleware():276}(Object(Illuminate\\Foundation\\Http\\Kernel), Object(Illuminate\\Foundation\\Application))
#2 C:\\Users\\moham\\OneDrive\\Desktop\\projects\\GameShop-crm-rasekh\\backend\\vendor\\laravel\\framework\\src\\Illuminate\\Container\\Container.php(1558): Illuminate\\Container\\Container->fireCallbackArray(Object(Illuminate\\Foundation\\Http\\Kernel), Array)
#3 C:\\Users\\moham\\OneDrive\\Desktop\\projects\\GameShop-crm-rasekh\\backend\\vendor\\laravel\\framework\\src\\Illuminate\\Container\\Container.php(1544): Illuminate\\Container\\Container->fireAfterResolvingCallbacks('Illuminate\\\\Cont...', Object(Illuminate\\Foundation\\Http\\Kernel))
#4 C:\\Users\\moham\\OneDrive\\Desktop\\projects\\GameShop-crm-rasekh\\backend\\vendor\\laravel\\framework\\src\\Illuminate\\Container\\Container.php(951): Illuminate\\Container\\Container->fireResolvingCallbacks('Illuminate\\\\Cont...', Object(Illuminate\\Foundation\\Http\\Kernel))
#5 C:\\Users\\moham\\OneDrive\\Desktop\\projects\\GameShop-crm-rasekh\\backend\\vendor\\laravel\\framework\\src\\Illuminate\\Foundation\\Application.php(1078): Illuminate\\Container\\Container->resolve('Illuminate\\\\Cont...', Array, true)
#6 C:\\Users\\moham\\OneDrive\\Desktop\\projects\\GameShop-crm-rasekh\\backend\\vendor\\laravel\\framework\\src\\Illuminate\\Container\\Container.php(864): Illuminate\\Foundation\\Application->resolve('Illuminate\\\\Cont...', Array)
#7 C:\\Users\\moham\\OneDrive\\Desktop\\projects\\GameShop-crm-rasekh\\backend\\vendor\\laravel\\framework\\src\\Illuminate\\Foundation\\Application.php(1058): Illuminate\\Container\\Container->make('Illuminate\\\\Cont...', Array)
#8 C:\\Users\\moham\\OneDrive\\Desktop\\projects\\GameShop-crm-rasekh\\backend\\vendor\\laravel\\sanctum\\src\\SanctumServiceProvider.php(119): Illuminate\\Foundation\\Application->make('Illuminate\\\\Cont...')
#9 C:\\Users\\moham\\OneDrive\\Desktop\\projects\\GameShop-crm-rasekh\\backend\\vendor\\laravel\\sanctum\\src\\SanctumServiceProvider.php(58): Laravel\\Sanctum\\SanctumServiceProvider->configureMiddleware()
#10 C:\\Users\\moham\\OneDrive\\Desktop\\projects\\GameShop-crm-rasekh\\backend\\vendor\\laravel\\framework\\src\\Illuminate\\Container\\BoundMethod.php(36): Laravel\\Sanctum\\SanctumServiceProvider->boot()
#11 C:\\Users\\moham\\OneDrive\\Desktop\\projects\\GameShop-crm-rasekh\\backend\\vendor\\laravel\\framework\\src\\Illuminate\\Container\\Util.php(43): Illuminate\\Container\\BoundMethod::{closure:Illuminate\\Container\\BoundMethod::call():35}()
#12 C:\\Users\\moham\\OneDrive\\Desktop\\projects\\GameShop-crm-rasekh\\backend\\vendor\\laravel\\framework\\src\\Illuminate\\Container\\BoundMethod.php(96): Illuminate\\Container\\Util::unwrapIfClosure(Object(Closure))
#13 C:\\Users\\moham\\OneDrive\\Desktop\\projects\\GameShop-crm-rasekh\\backend\\vendor\\laravel\\framework\\src\\Illuminate\\Container\\BoundMethod.php(35): Illuminate\\Container\\BoundMethod::callBoundMethod(Object(Illuminate\\Foundation\\Application), Array, Object(Closure))
#14 C:\\Users\\moham\\OneDrive\\Desktop\\projects\\GameShop-crm-rasekh\\backend\\vendor\\laravel\\framework\\src\\Illuminate\\Container\\Container.php(799): Illuminate\\Container\\BoundMethod::call(Object(Illuminate\\Foundation\\Application), Array, Array, NULL)
#15 C:\\Users\\moham\\OneDrive\\Desktop\\projects\\GameShop-crm-rasekh\\backend\\vendor\\laravel\\framework\\src\\Illuminate\\Foundation\\Application.php(1151): Illuminate\\Container\\Container->call(Array)
#16 C:\\Users\\moham\\OneDrive\\Desktop\\projects\\GameShop-crm-rasekh\\backend\\vendor\\laravel\\framework\\src\\Illuminate\\Foundation\\Application.php(1132): Illuminate\\Foundation\\Application->bootProvider(Object(Laravel\\Sanctum\\SanctumServiceProvider))
#17 [internal function]: Illuminate\\Foundation\\Application->{closure:Illuminate\\Foundation\\Application::boot():1131}(Object(Laravel\\Sanctum\\SanctumServiceProvider), 'Laravel\\\\Sanctum...')
#18 C:\\Users\\moham\\OneDrive\\Desktop\\projects\\GameShop-crm-rasekh\\backend\\vendor\\laravel\\framework\\src\\Illuminate\\Foundation\\Application.php(1131): array_walk(Array, Object(Closure))
#19 C:\\Users\\moham\\OneDrive\\Desktop\\projects\\GameShop-crm-rasekh\\backend\\vendor\\laravel\\framework\\src\\Illuminate\\Foundation\\Bootstrap\\BootProviders.php(17): Illuminate\\Foundation\\Application->boot()
#20 C:\\Users\\moham\\OneDrive\\Desktop\\projects\\GameShop-crm-rasekh\\backend\\vendor\\laravel\\framework\\src\\Illuminate\\Foundation\\Application.php(342): Illuminate\\Foundation\\Bootstrap\\BootProviders->bootstrap(Object(Illuminate\\Foundation\\Application))
#21 C:\\Users\\moham\\OneDrive\\Desktop\\projects\\GameShop-crm-rasekh\\backend\\vendor\\laravel\\framework\\src\\Illuminate\\Foundation\\Console\\Kernel.php(494): Illuminate\\Foundation\\Application->bootstrapWith(Array)
#22 C:\\Users\\moham\\OneDrive\\Desktop\\projects\\GameShop-crm-rasekh\\backend\\vendor\\laravel\\framework\\src\\Illuminate\\Foundation\\Console\\Kernel.php(196): Illuminate\\Foundation\\Console\\Kernel->bootstrap()
#23 C:\\Users\\moham\\OneDrive\\Desktop\\projects\\GameShop-crm-rasekh\\backend\\vendor\\laravel\\framework\\src\\Illuminate\\Foundation\\Application.php(1235): Illuminate\\Foundation\\Console\\Kernel->handle(Object(Symfony\\Component\\Console\\Input\\ArgvInput), Object(Symfony\\Component\\Console\\Output\\ConsoleOutput))
#24 C:\\Users\\moham\\OneDrive\\Desktop\\projects\\GameShop-crm-rasekh\\backend\\artisan(16): Illuminate\\Foundation\\Application->handleCommand(Object(Symfony\\Component\\Console\\Input\\ArgvInput))
#25 {main}
"} 
[2025-12-29 14:34:09] local.ERROR: Call to undefined method Illuminate\Foundation\Configuration\Middleware::push() {"exception":"[object] (Error(code: 0): Call to undefined method Illuminate\\Foundation\\Configuration\\Middleware::push() at C:\\Users\\moham\\OneDrive\\Desktop\\projects\\GameShop-crm-rasekh\\backend\\bootstrap\\app.php:15)
[stacktrace]
#0 C:\\Users\\moham\\OneDrive\\Desktop\\projects\\GameShop-crm-rasekh\\backend\\vendor\\laravel\\framework\\src\\Illuminate\\Foundation\\Configuration\\ApplicationBuilder.php(281): {closure:C:\\Users\\moham\\OneDrive\\Desktop\\projects\\GameShop-crm-rasekh\\backend\\bootstrap\\app.php:14}(Object(Illuminate\\Foundation\\Configuration\\Middleware))
#1 C:\\Users\\moham\\OneDrive\\Desktop\\projects\\GameShop-crm-rasekh\\backend\\vendor\\laravel\\framework\\src\\Illuminate\\Container\\Container.php(1620): Illuminate\\Foundation\\Configuration\\ApplicationBuilder->{closure:Illuminate\\Foundation\\Configuration\\ApplicationBuilder::withMiddleware():276}(Object(Illuminate\\Foundation\\Http\\Kernel), Object(Illuminate\\Foundation\\Application))
#2 C:\\Users\\moham\\OneDrive\\Desktop\\projects\\GameShop-crm-rasekh\\backend\\vendor\\laravel\\framework\\src\\Illuminate\\Container\\Container.php(1558): Illuminate\\Container\\Container->fireCallbackArray(Object(Illuminate\\Foundation\\Http\\Kernel), Array)
#3 C:\\Users\\moham\\OneDrive\\Desktop\\projects\\GameShop-crm-rasekh\\backend\\vendor\\laravel\\framework\\src\\Illuminate\\Container\\Container.php(1544): Illuminate\\Container\\Container->fireAfterResolvingCallbacks('Illuminate\\\\Cont...', Object(Illuminate\\Foundation\\Http\\Kernel))
#4 C:\\Users\\moham\\OneDrive\\Desktop\\projects\\GameShop-crm-rasekh\\backend\\vendor\\laravel\\framework\\src\\Illuminate\\Container\\Container.php(951): Illuminate\\Container\\Container->fireResolvingCallbacks('Illuminate\\\\Cont...', Object(Illuminate\\Foundation\\Http\\Kernel))
#5 C:\\Users\\moham\\OneDrive\\Desktop\\projects\\GameShop-crm-rasekh\\backend\\vendor\\laravel\\framework\\src\\Illuminate\\Foundation\\Application.php(1078): Illuminate\\Container\\Container->resolve('Illuminate\\\\Cont...', Array, true)
#6 C:\\Users\\moham\\OneDrive\\Desktop\\projects\\GameShop-crm-rasekh\\backend\\vendor\\laravel\\framework\\src\\Illuminate\\Container\\Container.php(864): Illuminate\\Foundation\\Application->resolve('Illuminate\\\\Cont...', Array)
#7 C:\\Users\\moham\\OneDrive\\Desktop\\projects\\GameShop-crm-rasekh\\backend\\vendor\\laravel\\framework\\src\\Illuminate\\Foundation\\Application.php(1058): Illuminate\\Container\\Container->make('Illuminate\\\\Cont...', Array)
#8 C:\\Users\\moham\\OneDrive\\Desktop\\projects\\GameShop-crm-rasekh\\backend\\vendor\\laravel\\sanctum\\src\\SanctumServiceProvider.php(119): Illuminate\\Foundation\\Application->make('Illuminate\\\\Cont...')
#9 C:\\Users\\moham\\OneDrive\\Desktop\\projects\\GameShop-crm-rasekh\\backend\\vendor\\laravel\\sanctum\\src\\SanctumServiceProvider.php(58): Laravel\\Sanctum\\SanctumServiceProvider->configureMiddleware()
#10 C:\\Users\\moham\\OneDrive\\Desktop\\projects\\GameShop-crm-rasekh\\backend\\vendor\\laravel\\framework\\src\\Illuminate\\Container\\BoundMethod.php(36): Laravel\\Sanctum\\SanctumServiceProvider->boot()
#11 C:\\Users\\moham\\OneDrive\\Desktop\\projects\\GameShop-crm-rasekh\\backend\\vendor\\laravel\\framework\\src\\Illuminate\\Container\\Util.php(43): Illuminate\\Container\\BoundMethod::{closure:Illuminate\\Container\\BoundMethod::call():35}()
#12 C:\\Users\\moham\\OneDrive\\Desktop\\projects\\GameShop-crm-rasekh\\backend\\vendor\\laravel\\framework\\src\\Illuminate\\Container\\BoundMethod.php(96): Illuminate\\Container\\Util::unwrapIfClosure(Object(Closure))
#13 C:\\Users\\moham\\OneDrive\\Desktop\\projects\\GameShop-crm-rasekh\\backend\\vendor\\laravel\\framework\\src\\Illuminate\\Container\\BoundMethod.php(35): Illuminate\\Container\\BoundMethod::callBoundMethod(Object(Illuminate\\Foundation\\Application), Array, Object(Closure))
#14 C:\\Users\\moham\\OneDrive\\Desktop\\projects\\GameShop-crm-rasekh\\backend\\vendor\\laravel\\framework\\src\\Illuminate\\Container\\Container.php(799): Illuminate\\Container\\BoundMethod::call(Object(Illuminate\\Foundation\\Application), Array, Array, NULL)
#15 C:\\Users\\moham\\OneDrive\\Desktop\\projects\\GameShop-crm-rasekh\\backend\\vendor\\laravel\\framework\\src\\Illuminate\\Foundation\\Application.php(1151): Illuminate\\Container\\Container->call(Array)
#16 C:\\Users\\moham\\OneDrive\\Desktop\\projects\\GameShop-crm-rasekh\\backend\\vendor\\laravel\\framework\\src\\Illuminate\\Foundation\\Application.php(1132): Illuminate\\Foundation\\Application->bootProvider(Object(Laravel\\Sanctum\\SanctumServiceProvider))
#17 [internal function]: Illuminate\\Foundation\\Application->{closure:Illuminate\\Foundation\\Application::boot():1131}(Object(Laravel\\Sanctum\\SanctumServiceProvider), 'Laravel\\\\Sanctum...')
#18 C:\\Users\\moham\\OneDrive\\Desktop\\projects\\GameShop-crm-rasekh\\backend\\vendor\\laravel\\framework\\src\\Illuminate\\Foundation\\Application.php(1131): array_walk(Array, Object(Closure))
#19 C:\\Users\\moham\\OneDrive\\Desktop\\projects\\GameShop-crm-rasekh\\backend\\vendor\\laravel\\framework\\src\\Illuminate\\Foundation\\Bootstrap\\BootProviders.php(17): Illuminate\\Foundation\\Application->boot()
#20 C:\\Users\\moham\\OneDrive\\Desktop\\projects\\GameShop-crm-rasekh\\backend\\vendor\\laravel\\framework\\src\\Illuminate\\Foundation\\Application.php(342): Illuminate\\Foundation\\Bootstrap\\BootProviders->bootstrap(Object(Illuminate\\Foundation\\Application))
#21 C:\\Users\\moham\\OneDrive\\Desktop\\projects\\GameShop-crm-rasekh\\backend\\vendor\\laravel\\framework\\src\\Illuminate\\Foundation\\Console\\Kernel.php(494): Illuminate\\Foundation\\Application->bootstrapWith(Array)
#22 C:\\Users\\moham\\OneDrive\\Desktop\\projects\\GameShop-crm-rasekh\\backend\\vendor\\laravel\\framework\\src\\Illuminate\\Foundation\\Console\\Kernel.php(196): Illuminate\\Foundation\\Console\\Kernel->bootstrap()
#23 C:\\Users\\moham\\OneDrive\\Desktop\\projects\\GameShop-crm-rasekh\\backend\\vendor\\laravel\\framework\\src\\Illuminate\\Foundation\\Application.php(1235): Illuminate\\Foundation\\Console\\Kernel->handle(Object(Symfony\\Component\\Console\\Input\\ArgvInput), Object(Symfony\\Component\\Console\\Output\\ConsoleOutput))
#24 C:\\Users\\moham\\OneDrive\\Desktop\\projects\\GameShop-crm-rasekh\\backend\\artisan(16): Illuminate\\Foundation\\Application->handleCommand(Object(Symfony\\Component\\Console\\Input\\ArgvInput))
#25 {main}
"} 
[2025-12-29 14:34:10] local.ERROR: Call to undefined method Illuminate\Foundation\Configuration\Middleware::push() {"exception":"[object] (Error(code: 0): Call to undefined method Illuminate\\Foundation\\Configuration\\Middleware::push() at C:\\Users\\moham\\OneDrive\\Desktop\\projects\\GameShop-crm-rasekh\\backend\\bootstrap\\app.php:15)
[stacktrace]
#0 C:\\Users\\moham\\OneDrive\\Desktop\\projects\\GameShop-crm-rasekh\\backend\\vendor\\laravel\\framework\\src\\Illuminate\\Foundation\\Configuration\\ApplicationBuilder.php(281): {closure:C:\\Users\\moham\\OneDrive\\Desktop\\projects\\GameShop-crm-rasekh\\backend\\bootstrap\\app.php:14}(Object(Illuminate\\Foundation\\Configuration\\Middleware))
#1 C:\\Users\\moham\\OneDrive\\Desktop\\projects\\GameShop-crm-rasekh\\backend\\vendor\\laravel\\framework\\src\\Illuminate\\Container\\Container.php(1620): Illuminate\\Foundation\\Configuration\\ApplicationBuilder->{closure:Illuminate\\Foundation\\Configuration\\ApplicationBuilder::withMiddleware():276}(Object(Illuminate\\Foundation\\Http\\Kernel), Object(Illuminate\\Foundation\\Application))
#2 C:\\Users\\moham\\OneDrive\\Desktop\\projects\\GameShop-crm-rasekh\\backend\\vendor\\laravel\\framework\\src\\Illuminate\\Container\\Container.php(1558): Illuminate\\Container\\Container->fireCallbackArray(Object(Illuminate\\Foundation\\Http\\Kernel), Array)
#3 C:\\Users\\moham\\OneDrive\\Desktop\\projects\\GameShop-crm-rasekh\\backend\\vendor\\laravel\\framework\\src\\Illuminate\\Container\\Container.php(1544): Illuminate\\Container\\Container->fireAfterResolvingCallbacks('Illuminate\\\\Cont...', Object(Illuminate\\Foundation\\Http\\Kernel))
#4 C:\\Users\\moham\\OneDrive\\Desktop\\projects\\GameShop-crm-rasekh\\backend\\vendor\\laravel\\framework\\src\\Illuminate\\Container\\Container.php(951): Illuminate\\Container\\Container->fireResolvingCallbacks('Illuminate\\\\Cont...', Object(Illuminate\\Foundation\\Http\\Kernel))
#5 C:\\Users\\moham\\OneDrive\\Desktop\\projects\\GameShop-crm-rasekh\\backend\\vendor\\laravel\\framework\\src\\Illuminate\\Foundation\\Application.php(1078): Illuminate\\Container\\Container->resolve('Illuminate\\\\Cont...', Array, true)
#6 C:\\Users\\moham\\OneDrive\\Desktop\\projects\\GameShop-crm-rasekh\\backend\\vendor\\laravel\\framework\\src\\Illuminate\\Container\\Container.php(864): Illuminate\\Foundation\\Application->resolve('Illuminate\\\\Cont...', Array)
#7 C:\\Users\\moham\\OneDrive\\Desktop\\projects\\GameShop-crm-rasekh\\backend\\vendor\\laravel\\framework\\src\\Illuminate\\Foundation\\Application.php(1058): Illuminate\\Container\\Container->make('Illuminate\\\\Cont...', Array)
#8 C:\\Users\\moham\\OneDrive\\Desktop\\projects\\GameShop-crm-rasekh\\backend\\vendor\\laravel\\sanctum\\src\\SanctumServiceProvider.php(119): Illuminate\\Foundation\\Application->make('Illuminate\\\\Cont...')
#9 C:\\Users\\moham\\OneDrive\\Desktop\\projects\\GameShop-crm-rasekh\\backend\\vendor\\laravel\\sanctum\\src\\SanctumServiceProvider.php(58): Laravel\\Sanctum\\SanctumServiceProvider->configureMiddleware()
#10 C:\\Users\\moham\\OneDrive\\Desktop\\projects\\GameShop-crm-rasekh\\backend\\vendor\\laravel\\framework\\src\\Illuminate\\Container\\BoundMethod.php(36): Laravel\\Sanctum\\SanctumServiceProvider->boot()
#11 C:\\Users\\moham\\OneDrive\\Desktop\\projects\\GameShop-crm-rasekh\\backend\\vendor\\laravel\\framework\\src\\Illuminate\\Container\\Util.php(43): Illuminate\\Container\\BoundMethod::{closure:Illuminate\\Container\\BoundMethod::call():35}()
#12 C:\\Users\\moham\\OneDrive\\Desktop\\projects\\GameShop-crm-rasekh\\backend\\vendor\\laravel\\framework\\src\\Illuminate\\Container\\BoundMethod.php(96): Illuminate\\Container\\Util::unwrapIfClosure(Object(Closure))
#13 C:\\Users\\moham\\OneDrive\\Desktop\\projects\\GameShop-crm-rasekh\\backend\\vendor\\laravel\\framework\\src\\Illuminate\\Container\\BoundMethod.php(35): Illuminate\\Container\\BoundMethod::callBoundMethod(Object(Illuminate\\Foundation\\Application), Array, Object(Closure))
#14 C:\\Users\\moham\\OneDrive\\Desktop\\projects\\GameShop-crm-rasekh\\backend\\vendor\\laravel\\framework\\src\\Illuminate\\Container\\Container.php(799): Illuminate\\Container\\BoundMethod::call(Object(Illuminate\\Foundation\\Application), Array, Array, NULL)
#15 C:\\Users\\moham\\OneDrive\\Desktop\\projects\\GameShop-crm-rasekh\\backend\\vendor\\laravel\\framework\\src\\Illuminate\\Foundation\\Application.php(1151): Illuminate\\Container\\Container->call(Array)
#16 C:\\Users\\moham\\OneDrive\\Desktop\\projects\\GameShop-crm-rasekh\\backend\\vendor\\laravel\\framework\\src\\Illuminate\\Foundation\\Application.php(1132): Illuminate\\Foundation\\Application->bootProvider(Object(Laravel\\Sanctum\\SanctumServiceProvider))
#17 [internal function]: Illuminate\\Foundation\\Application->{closure:Illuminate\\Foundation\\Application::boot():1131}(Object(Laravel\\Sanctum\\SanctumServiceProvider), 'Laravel\\\\Sanctum...')
#18 C:\\Users\\moham\\OneDrive\\Desktop\\projects\\GameShop-crm-rasekh\\backend\\vendor\\laravel\\framework\\src\\Illuminate\\Foundation\\Application.php(1131): array_walk(Array, Object(Closure))
#19 C:\\Users\\moham\\OneDrive\\Desktop\\projects\\GameShop-crm-rasekh\\backend\\vendor\\laravel\\framework\\src\\Illuminate\\Foundation\\Bootstrap\\BootProviders.php(17): Illuminate\\Foundation\\Application->boot()
#20 C:\\Users\\moham\\OneDrive\\Desktop\\projects\\GameShop-crm-rasekh\\backend\\vendor\\laravel\\framework\\src\\Illuminate\\Foundation\\Application.php(342): Illuminate\\Foundation\\Bootstrap\\BootProviders->bootstrap(Object(Illuminate\\Foundation\\Application))
#21 C:\\Users\\moham\\OneDrive\\Desktop\\projects\\GameShop-crm-rasekh\\backend\\vendor\\laravel\\framework\\src\\Illuminate\\Foundation\\Console\\Kernel.php(494): Illuminate\\Foundation\\Application->bootstrapWith(Array)
#22 C:\\Users\\moham\\OneDrive\\Desktop\\projects\\GameShop-crm-rasekh\\backend\\vendor\\laravel\\framework\\src\\Illuminate\\Foundation\\Console\\Kernel.php(196): Illuminate\\Foundation\\Console\\Kernel->bootstrap()
#23 C:\\Users\\moham\\OneDrive\\Desktop\\projects\\GameShop-crm-rasekh\\backend\\vendor\\laravel\\framework\\src\\Illuminate\\Foundation\\Application.php(1235): Illuminate\\Foundation\\Console\\Kernel->handle(Object(Symfony\\Component\\Console\\Input\\ArgvInput), Object(Symfony\\Component\\Console\\Output\\ConsoleOutput))
#24 C:\\Users\\moham\\OneDrive\\Desktop\\projects\\GameShop-crm-rasekh\\backend\\artisan(16): Illuminate\\Foundation\\Application->handleCommand(Object(Symfony\\Component\\Console\\Input\\ArgvInput))
#25 {main}
"} 
[2025-12-29 14:34:10] local.ERROR: Call to undefined method Illuminate\Foundation\Configuration\Middleware::push() {"exception":"[object] (Error(code: 0): Call to undefined method Illuminate\\Foundation\\Configuration\\Middleware::push() at C:\\Users\\moham\\OneDrive\\Desktop\\projects\\GameShop-crm-rasekh\\backend\\bootstrap\\app.php:15)
[stacktrace]
#0 C:\\Users\\moham\\OneDrive\\Desktop\\projects\\GameShop-crm-rasekh\\backend\\vendor\\laravel\\framework\\src\\Illuminate\\Foundation\\Configuration\\ApplicationBuilder.php(281): {closure:C:\\Users\\moham\\OneDrive\\Desktop\\projects\\GameShop-crm-rasekh\\backend\\bootstrap\\app.php:14}(Object(Illuminate\\Foundation\\Configuration\\Middleware))
#1 C:\\Users\\moham\\OneDrive\\Desktop\\projects\\GameShop-crm-rasekh\\backend\\vendor\\laravel\\framework\\src\\Illuminate\\Container\\Container.php(1620): Illuminate\\Foundation\\Configuration\\ApplicationBuilder->{closure:Illuminate\\Foundation\\Configuration\\ApplicationBuilder::withMiddleware():276}(Object(Illuminate\\Foundation\\Http\\Kernel), Object(Illuminate\\Foundation\\Application))
#2 C:\\Users\\moham\\OneDrive\\Desktop\\projects\\GameShop-crm-rasekh\\backend\\vendor\\laravel\\framework\\src\\Illuminate\\Container\\Container.php(1558): Illuminate\\Container\\Container->fireCallbackArray(Object(Illuminate\\Foundation\\Http\\Kernel), Array)
#3 C:\\Users\\moham\\OneDrive\\Desktop\\projects\\GameShop-crm-rasekh\\backend\\vendor\\laravel\\framework\\src\\Illuminate\\Container\\Container.php(1544): Illuminate\\Container\\Container->fireAfterResolvingCallbacks('Illuminate\\\\Cont...', Object(Illuminate\\Foundation\\Http\\Kernel))
#4 C:\\Users\\moham\\OneDrive\\Desktop\\projects\\GameShop-crm-rasekh\\backend\\vendor\\laravel\\framework\\src\\Illuminate\\Container\\Container.php(951): Illuminate\\Container\\Container->fireResolvingCallbacks('Illuminate\\\\Cont...', Object(Illuminate\\Foundation\\Http\\Kernel))
#5 C:\\Users\\moham\\OneDrive\\Desktop\\projects\\GameShop-crm-rasekh\\backend\\vendor\\laravel\\framework\\src\\Illuminate\\Foundation\\Application.php(1078): Illuminate\\Container\\Container->resolve('Illuminate\\\\Cont...', Array, true)
#6 C:\\Users\\moham\\OneDrive\\Desktop\\projects\\GameShop-crm-rasekh\\backend\\vendor\\laravel\\framework\\src\\Illuminate\\Container\\Container.php(864): Illuminate\\Foundation\\Application->resolve('Illuminate\\\\Cont...', Array)
#7 C:\\Users\\moham\\OneDrive\\Desktop\\projects\\GameShop-crm-rasekh\\backend\\vendor\\laravel\\framework\\src\\Illuminate\\Foundation\\Application.php(1058): Illuminate\\Container\\Container->make('Illuminate\\\\Cont...', Array)
#8 C:\\Users\\moham\\OneDrive\\Desktop\\projects\\GameShop-crm-rasekh\\backend\\vendor\\laravel\\sanctum\\src\\SanctumServiceProvider.php(119): Illuminate\\Foundation\\Application->make('Illuminate\\\\Cont...')
#9 C:\\Users\\moham\\OneDrive\\Desktop\\projects\\GameShop-crm-rasekh\\backend\\vendor\\laravel\\sanctum\\src\\SanctumServiceProvider.php(58): Laravel\\Sanctum\\SanctumServiceProvider->configureMiddleware()
#10 C:\\Users\\moham\\OneDrive\\Desktop\\projects\\GameShop-crm-rasekh\\backend\\vendor\\laravel\\framework\\src\\Illuminate\\Container\\BoundMethod.php(36): Laravel\\Sanctum\\SanctumServiceProvider->boot()
#11 C:\\Users\\moham\\OneDrive\\Desktop\\projects\\GameShop-crm-rasekh\\backend\\vendor\\laravel\\framework\\src\\Illuminate\\Container\\Util.php(43): Illuminate\\Container\\BoundMethod::{closure:Illuminate\\Container\\BoundMethod::call():35}()
#12 C:\\Users\\moham\\OneDrive\\Desktop\\projects\\GameShop-crm-rasekh\\backend\\vendor\\laravel\\framework\\src\\Illuminate\\Container\\BoundMethod.php(96): Illuminate\\Container\\Util::unwrapIfClosure(Object(Closure))
#13 C:\\Users\\moham\\OneDrive\\Desktop\\projects\\GameShop-crm-rasekh\\backend\\vendor\\laravel\\framework\\src\\Illuminate\\Container\\BoundMethod.php(35): Illuminate\\Container\\BoundMethod::callBoundMethod(Object(Illuminate\\Foundation\\Application), Array, Object(Closure))
#14 C:\\Users\\moham\\OneDrive\\Desktop\\projects\\GameShop-crm-rasekh\\backend\\vendor\\laravel\\framework\\src\\Illuminate\\Container\\Container.php(799): Illuminate\\Container\\BoundMethod::call(Object(Illuminate\\Foundation\\Application), Array, Array, NULL)
#15 C:\\Users\\moham\\OneDrive\\Desktop\\projects\\GameShop-crm-rasekh\\backend\\vendor\\laravel\\framework\\src\\Illuminate\\Foundation\\Application.php(1151): Illuminate\\Container\\Container->call(Array)
#16 C:\\Users\\moham\\OneDrive\\Desktop\\projects\\GameShop-crm-rasekh\\backend\\vendor\\laravel\\framework\\src\\Illuminate\\Foundation\\Application.php(1132): Illuminate\\Foundation\\Application->bootProvider(Object(Laravel\\Sanctum\\SanctumServiceProvider))
#17 [internal function]: Illuminate\\Foundation\\Application->{closure:Illuminate\\Foundation\\Application::boot():1131}(Object(Laravel\\Sanctum\\SanctumServiceProvider), 'Laravel\\\\Sanctum...')
#18 C:\\Users\\moham\\OneDrive\\Desktop\\projects\\GameShop-crm-rasekh\\backend\\vendor\\laravel\\framework\\src\\Illuminate\\Foundation\\Application.php(1131): array_walk(Array, Object(Closure))
#19 C:\\Users\\moham\\OneDrive\\Desktop\\projects\\GameShop-crm-rasekh\\backend\\vendor\\laravel\\framework\\src\\Illuminate\\Foundation\\Bootstrap\\BootProviders.php(17): Illuminate\\Foundation\\Application->boot()
#20 C:\\Users\\moham\\OneDrive\\Desktop\\projects\\GameShop-crm-rasekh\\backend\\vendor\\laravel\\framework\\src\\Illuminate\\Foundation\\Application.php(342): Illuminate\\Foundation\\Bootstrap\\BootProviders->bootstrap(Object(Illuminate\\Foundation\\Application))
#21 C:\\Users\\moham\\OneDrive\\Desktop\\projects\\GameShop-crm-rasekh\\backend\\vendor\\laravel\\framework\\src\\Illuminate\\Foundation\\Console\\Kernel.php(494): Illuminate\\Foundation\\Application->bootstrapWith(Array)
#22 C:\\Users\\moham\\OneDrive\\Desktop\\projects\\GameShop-crm-rasekh\\backend\\vendor\\laravel\\framework\\src\\Illuminate\\Foundation\\Console\\Kernel.php(196): Illuminate\\Foundation\\Console\\Kernel->bootstrap()
#23 C:\\Users\\moham\\OneDrive\\Desktop\\projects\\GameShop-crm-rasekh\\backend\\vendor\\laravel\\framework\\src\\Illuminate\\Foundation\\Application.php(1235): Illuminate\\Foundation\\Console\\Kernel->handle(Object(Symfony\\Component\\Console\\Input\\ArgvInput), Object(Symfony\\Component\\Console\\Output\\ConsoleOutput))
#24 C:\\Users\\moham\\OneDrive\\Desktop\\projects\\GameShop-crm-rasekh\\backend\\artisan(16): Illuminate\\Foundation\\Application->handleCommand(Object(Symfony\\Component\\Console\\Input\\ArgvInput))
#25 {main}
"} 
[2025-12-29 15:12:48] local.ERROR: Call to undefined method Illuminate\Foundation\Configuration\Middleware::push() {"exception":"[object] (Error(code: 0): Call to undefined method Illuminate\\Foundation\\Configuration\\Middleware::push() at C:\\Users\\moham\\OneDrive\\Desktop\\projects\\GameShop-crm-rasekh\\backend\\bootstrap\\app.php:15)
[stacktrace]
#0 C:\\Users\\moham\\OneDrive\\Desktop\\projects\\GameShop-crm-rasekh\\backend\\vendor\\laravel\\framework\\src\\Illuminate\\Foundation\\Configuration\\ApplicationBuilder.php(281): {closure:C:\\Users\\moham\\OneDrive\\Desktop\\projects\\GameShop-crm-rasekh\\backend\\bootstrap\\app.php:14}(Object(Illuminate\\Foundation\\Configuration\\Middleware))
#1 C:\\Users\\moham\\OneDrive\\Desktop\\projects\\GameShop-crm-rasekh\\backend\\vendor\\laravel\\framework\\src\\Illuminate\\Container\\Container.php(1620): Illuminate\\Foundation\\Configuration\\ApplicationBuilder->{closure:Illuminate\\Foundation\\Configuration\\ApplicationBuilder::withMiddleware():276}(Object(Illuminate\\Foundation\\Http\\Kernel), Object(Illuminate\\Foundation\\Application))
#2 C:\\Users\\moham\\OneDrive\\Desktop\\projects\\GameShop-crm-rasekh\\backend\\vendor\\laravel\\framework\\src\\Illuminate\\Container\\Container.php(1558): Illuminate\\Container\\Container->fireCallbackArray(Object(Illuminate\\Foundation\\Http\\Kernel), Array)
#3 C:\\Users\\moham\\OneDrive\\Desktop\\projects\\GameShop-crm-rasekh\\backend\\vendor\\laravel\\framework\\src\\Illuminate\\Container\\Container.php(1544): Illuminate\\Container\\Container->fireAfterResolvingCallbacks('Illuminate\\\\Cont...', Object(Illuminate\\Foundation\\Http\\Kernel))
#4 C:\\Users\\moham\\OneDrive\\Desktop\\projects\\GameShop-crm-rasekh\\backend\\vendor\\laravel\\framework\\src\\Illuminate\\Container\\Container.php(951): Illuminate\\Container\\Container->fireResolvingCallbacks('Illuminate\\\\Cont...', Object(Illuminate\\Foundation\\Http\\Kernel))
#5 C:\\Users\\moham\\OneDrive\\Desktop\\projects\\GameShop-crm-rasekh\\backend\\vendor\\laravel\\framework\\src\\Illuminate\\Foundation\\Application.php(1078): Illuminate\\Container\\Container->resolve('Illuminate\\\\Cont...', Array, true)
#6 C:\\Users\\moham\\OneDrive\\Desktop\\projects\\GameShop-crm-rasekh\\backend\\vendor\\laravel\\framework\\src\\Illuminate\\Container\\Container.php(864): Illuminate\\Foundation\\Application->resolve('Illuminate\\\\Cont...', Array)
#7 C:\\Users\\moham\\OneDrive\\Desktop\\projects\\GameShop-crm-rasekh\\backend\\vendor\\laravel\\framework\\src\\Illuminate\\Foundation\\Application.php(1058): Illuminate\\Container\\Container->make('Illuminate\\\\Cont...', Array)
#8 C:\\Users\\moham\\OneDrive\\Desktop\\projects\\GameShop-crm-rasekh\\backend\\vendor\\laravel\\sanctum\\src\\SanctumServiceProvider.php(119): Illuminate\\Foundation\\Application->make('Illuminate\\\\Cont...')
#9 C:\\Users\\moham\\OneDrive\\Desktop\\projects\\GameShop-crm-rasekh\\backend\\vendor\\laravel\\sanctum\\src\\SanctumServiceProvider.php(58): Laravel\\Sanctum\\SanctumServiceProvider->configureMiddleware()
#10 C:\\Users\\moham\\OneDrive\\Desktop\\projects\\GameShop-crm-rasekh\\backend\\vendor\\laravel\\framework\\src\\Illuminate\\Container\\BoundMethod.php(36): Laravel\\Sanctum\\SanctumServiceProvider->boot()
#11 C:\\Users\\moham\\OneDrive\\Desktop\\projects\\GameShop-crm-rasekh\\backend\\vendor\\laravel\\framework\\src\\Illuminate\\Container\\Util.php(43): Illuminate\\Container\\BoundMethod::{closure:Illuminate\\Container\\BoundMethod::call():35}()
#12 C:\\Users\\moham\\OneDrive\\Desktop\\projects\\GameShop-crm-rasekh\\backend\\vendor\\laravel\\framework\\src\\Illuminate\\Container\\BoundMethod.php(96): Illuminate\\Container\\Util::unwrapIfClosure(Object(Closure))
#13 C:\\Users\\moham\\OneDrive\\Desktop\\projects\\GameShop-crm-rasekh\\backend\\vendor\\laravel\\framework\\src\\Illuminate\\Container\\BoundMethod.php(35): Illuminate\\Container\\BoundMethod::callBoundMethod(Object(Illuminate\\Foundation\\Application), Array, Object(Closure))
#14 C:\\Users\\moham\\OneDrive\\Desktop\\projects\\GameShop-crm-rasekh\\backend\\vendor\\laravel\\framework\\src\\Illuminate\\Container\\Container.php(799): Illuminate\\Container\\BoundMethod::call(Object(Illuminate\\Foundation\\Application), Array, Array, NULL)
#15 C:\\Users\\moham\\OneDrive\\Desktop\\projects\\GameShop-crm-rasekh\\backend\\vendor\\laravel\\framework\\src\\Illuminate\\Foundation\\Application.php(1151): Illuminate\\Container\\Container->call(Array)
#16 C:\\Users\\moham\\OneDrive\\Desktop\\projects\\GameShop-crm-rasekh\\backend\\vendor\\laravel\\framework\\src\\Illuminate\\Foundation\\Application.php(1132): Illuminate\\Foundation\\Application->bootProvider(Object(Laravel\\Sanctum\\SanctumServiceProvider))
#17 [internal function]: Illuminate\\Foundation\\Application->{closure:Illuminate\\Foundation\\Application::boot():1131}(Object(Laravel\\Sanctum\\SanctumServiceProvider), 'Laravel\\\\Sanctum...')
#18 C:\\Users\\moham\\OneDrive\\Desktop\\projects\\GameShop-crm-rasekh\\backend\\vendor\\laravel\\framework\\src\\Illuminate\\Foundation\\Application.php(1131): array_walk(Array, Object(Closure))
#19 C:\\Users\\moham\\OneDrive\\Desktop\\projects\\GameShop-crm-rasekh\\backend\\vendor\\laravel\\framework\\src\\Illuminate\\Foundation\\Bootstrap\\BootProviders.php(17): Illuminate\\Foundation\\Application->boot()
#20 C:\\Users\\moham\\OneDrive\\Desktop\\projects\\GameShop-crm-rasekh\\backend\\vendor\\laravel\\framework\\src\\Illuminate\\Foundation\\Application.php(342): Illuminate\\Foundation\\Bootstrap\\BootProviders->bootstrap(Object(Illuminate\\Foundation\\Application))
#21 C:\\Users\\moham\\OneDrive\\Desktop\\projects\\GameShop-crm-rasekh\\backend\\vendor\\laravel\\framework\\src\\Illuminate\\Foundation\\Console\\Kernel.php(494): Illuminate\\Foundation\\Application->bootstrapWith(Array)
#22 C:\\Users\\moham\\OneDrive\\Desktop\\projects\\GameShop-crm-rasekh\\backend\\vendor\\laravel\\framework\\src\\Illuminate\\Foundation\\Console\\Kernel.php(196): Illuminate\\Foundation\\Console\\Kernel->bootstrap()
#23 C:\\Users\\moham\\OneDrive\\Desktop\\projects\\GameShop-crm-rasekh\\backend\\vendor\\laravel\\framework\\src\\Illuminate\\Foundation\\Application.php(1235): Illuminate\\Foundation\\Console\\Kernel->handle(Object(Symfony\\Component\\Console\\Input\\ArgvInput), Object(Symfony\\Component\\Console\\Output\\ConsoleOutput))
#24 C:\\Users\\moham\\OneDrive\\Desktop\\projects\\GameShop-crm-rasekh\\backend\\artisan(16): Illuminate\\Foundation\\Application->handleCommand(Object(Symfony\\Component\\Console\\Input\\ArgvInput))
#25 {main}
"} 
[2025-12-29 16:26:39] local.ERROR: Call to undefined method Illuminate\Foundation\Configuration\Middleware::push() {"exception":"[object] (Error(code: 0): Call to undefined method Illuminate\\Foundation\\Configuration\\Middleware::push() at C:\\Users\\moham\\OneDrive\\Desktop\\projects\\GameShop-crm-rasekh\\backend\\bootstrap\\app.php:15)
[stacktrace]
#0 C:\\Users\\moham\\OneDrive\\Desktop\\projects\\GameShop-crm-rasekh\\backend\\vendor\\laravel\\framework\\src\\Illuminate\\Foundation\\Configuration\\ApplicationBuilder.php(281): {closure:C:\\Users\\moham\\OneDrive\\Desktop\\projects\\GameShop-crm-rasekh\\backend\\bootstrap\\app.php:14}(Object(Illuminate\\Foundation\\Configuration\\Middleware))
#1 C:\\Users\\moham\\OneDrive\\Desktop\\projects\\GameShop-crm-rasekh\\backend\\vendor\\laravel\\framework\\src\\Illuminate\\Container\\Container.php(1620): Illuminate\\Foundation\\Configuration\\ApplicationBuilder->{closure:Illuminate\\Foundation\\Configuration\\ApplicationBuilder::withMiddleware():276}(Object(Illuminate\\Foundation\\Http\\Kernel), Object(Illuminate\\Foundation\\Application))
#2 C:\\Users\\moham\\OneDrive\\Desktop\\projects\\GameShop-crm-rasekh\\backend\\vendor\\laravel\\framework\\src\\Illuminate\\Container\\Container.php(1558): Illuminate\\Container\\Container->fireCallbackArray(Object(Illuminate\\Foundation\\Http\\Kernel), Array)
#3 C:\\Users\\moham\\OneDrive\\Desktop\\projects\\GameShop-crm-rasekh\\backend\\vendor\\laravel\\framework\\src\\Illuminate\\Container\\Container.php(1544): Illuminate\\Container\\Container->fireAfterResolvingCallbacks('Illuminate\\\\Cont...', Object(Illuminate\\Foundation\\Http\\Kernel))
#4 C:\\Users\\moham\\OneDrive\\Desktop\\projects\\GameShop-crm-rasekh\\backend\\vendor\\laravel\\framework\\src\\Illuminate\\Container\\Container.php(951): Illuminate\\Container\\Container->fireResolvingCallbacks('Illuminate\\\\Cont...', Object(Illuminate\\Foundation\\Http\\Kernel))
#5 C:\\Users\\moham\\OneDrive\\Desktop\\projects\\GameShop-crm-rasekh\\backend\\vendor\\laravel\\framework\\src\\Illuminate\\Foundation\\Application.php(1078): Illuminate\\Container\\Container->resolve('Illuminate\\\\Cont...', Array, true)
#6 C:\\Users\\moham\\OneDrive\\Desktop\\projects\\GameShop-crm-rasekh\\backend\\vendor\\laravel\\framework\\src\\Illuminate\\Container\\Container.php(864): Illuminate\\Foundation\\Application->resolve('Illuminate\\\\Cont...', Array)
#7 C:\\Users\\moham\\OneDrive\\Desktop\\projects\\GameShop-crm-rasekh\\backend\\vendor\\laravel\\framework\\src\\Illuminate\\Foundation\\Application.php(1058): Illuminate\\Container\\Container->make('Illuminate\\\\Cont...', Array)
#8 C:\\Users\\moham\\OneDrive\\Desktop\\projects\\GameShop-crm-rasekh\\backend\\vendor\\laravel\\sanctum\\src\\SanctumServiceProvider.php(119): Illuminate\\Foundation\\Application->make('Illuminate\\\\Cont...')
#9 C:\\Users\\moham\\OneDrive\\Desktop\\projects\\GameShop-crm-rasekh\\backend\\vendor\\laravel\\sanctum\\src\\SanctumServiceProvider.php(58): Laravel\\Sanctum\\SanctumServiceProvider->configureMiddleware()
#10 C:\\Users\\moham\\OneDrive\\Desktop\\projects\\GameShop-crm-rasekh\\backend\\vendor\\laravel\\framework\\src\\Illuminate\\Container\\BoundMethod.php(36): Laravel\\Sanctum\\SanctumServiceProvider->boot()
#11 C:\\Users\\moham\\OneDrive\\Desktop\\projects\\GameShop-crm-rasekh\\backend\\vendor\\laravel\\framework\\src\\Illuminate\\Container\\Util.php(43): Illuminate\\Container\\BoundMethod::{closure:Illuminate\\Container\\BoundMethod::call():35}()
#12 C:\\Users\\moham\\OneDrive\\Desktop\\projects\\GameShop-crm-rasekh\\backend\\vendor\\laravel\\framework\\src\\Illuminate\\Container\\BoundMethod.php(96): Illuminate\\Container\\Util::unwrapIfClosure(Object(Closure))
#13 C:\\Users\\moham\\OneDrive\\Desktop\\projects\\GameShop-crm-rasekh\\backend\\vendor\\laravel\\framework\\src\\Illuminate\\Container\\BoundMethod.php(35): Illuminate\\Container\\BoundMethod::callBoundMethod(Object(Illuminate\\Foundation\\Application), Array, Object(Closure))
#14 C:\\Users\\moham\\OneDrive\\Desktop\\projects\\GameShop-crm-rasekh\\backend\\vendor\\laravel\\framework\\src\\Illuminate\\Container\\Container.php(799): Illuminate\\Container\\BoundMethod::call(Object(Illuminate\\Foundation\\Application), Array, Array, NULL)
#15 C:\\Users\\moham\\OneDrive\\Desktop\\projects\\GameShop-crm-rasekh\\backend\\vendor\\laravel\\framework\\src\\Illuminate\\Foundation\\Application.php(1151): Illuminate\\Container\\Container->call(Array)
#16 C:\\Users\\moham\\OneDrive\\Desktop\\projects\\GameShop-crm-rasekh\\backend\\vendor\\laravel\\framework\\src\\Illuminate\\Foundation\\Application.php(1132): Illuminate\\Foundation\\Application->bootProvider(Object(Laravel\\Sanctum\\SanctumServiceProvider))
#17 [internal function]: Illuminate\\Foundation\\Application->{closure:Illuminate\\Foundation\\Application::boot():1131}(Object(Laravel\\Sanctum\\SanctumServiceProvider), 'Laravel\\\\Sanctum...')
#18 C:\\Users\\moham\\OneDrive\\Desktop\\projects\\GameShop-crm-rasekh\\backend\\vendor\\laravel\\framework\\src\\Illuminate\\Foundation\\Application.php(1131): array_walk(Array, Object(Closure))
#19 C:\\Users\\moham\\OneDrive\\Desktop\\projects\\GameShop-crm-rasekh\\backend\\vendor\\laravel\\framework\\src\\Illuminate\\Foundation\\Bootstrap\\BootProviders.php(17): Illuminate\\Foundation\\Application->boot()
#20 C:\\Users\\moham\\OneDrive\\Desktop\\projects\\GameShop-crm-rasekh\\backend\\vendor\\laravel\\framework\\src\\Illuminate\\Foundation\\Application.php(342): Illuminate\\Foundation\\Bootstrap\\BootProviders->bootstrap(Object(Illuminate\\Foundation\\Application))
#21 C:\\Users\\moham\\OneDrive\\Desktop\\projects\\GameShop-crm-rasekh\\backend\\vendor\\laravel\\framework\\src\\Illuminate\\Foundation\\Console\\Kernel.php(494): Illuminate\\Foundation\\Application->bootstrapWith(Array)
#22 C:\\Users\\moham\\OneDrive\\Desktop\\projects\\GameShop-crm-rasekh\\backend\\vendor\\laravel\\framework\\src\\Illuminate\\Foundation\\Console\\Kernel.php(196): Illuminate\\Foundation\\Console\\Kernel->bootstrap()
#23 C:\\Users\\moham\\OneDrive\\Desktop\\projects\\GameShop-crm-rasekh\\backend\\vendor\\laravel\\framework\\src\\Illuminate\\Foundation\\Application.php(1235): Illuminate\\Foundation\\Console\\Kernel->handle(Object(Symfony\\Component\\Console\\Input\\ArgvInput), Object(Symfony\\Component\\Console\\Output\\ConsoleOutput))
#24 C:\\Users\\moham\\OneDrive\\Desktop\\projects\\GameShop-crm-rasekh\\backend\\artisan(16): Illuminate\\Foundation\\Application->handleCommand(Object(Symfony\\Component\\Console\\Input\\ArgvInput))
#25 {main}
"} 
